<?xml version="1.0" encoding="utf-8"?><testsuites name="pytest tests"><testsuite name="pytest" errors="0" failures="200" skipped="103" tests="3279" time="99.252" timestamp="2026-03-28T23:15:49.822862-04:00" hostname="Elliotts-MacBook-Pro.local"><testcase classname="tests.cli.test_expand_preview" name="test_expand_preview_outputs_markdown" time="0.024" /><testcase classname="tests.e2e.test_admin_webhooks.TestWebhooks" name="test_create_webhook" time="0.000"><skipped type="pytest.skip" message="Use --run-e2e to include e2e tests">/Users/elliottbregni/dev/obscura-main/tests/e2e/test_admin_webhooks.py:11: Use --run-e2e to include e2e tests</skipped></testcase><testcase classname="tests.e2e.test_admin_webhooks.TestWebhooks" name="test_list_webhooks" time="0.000"><skipped type="pytest.skip" message="Use --run-e2e to include e2e tests">/Users/elliottbregni/dev/obscura-main/tests/e2e/test_admin_webhooks.py:29: Use --run-e2e to include e2e tests</skipped></testcase><testcase classname="tests.e2e.test_admin_webhooks.TestWebhooks" name="test_get_webhook" time="0.000"><skipped type="pytest.skip" message="Use --run-e2e to include e2e tests">/Users/elliottbregni/dev/obscura-main/tests/e2e/test_admin_webhooks.py:46: Use --run-e2e to include e2e tests</skipped></testcase><testcase classname="tests.e2e.test_admin_webhooks.TestWebhooks" name="test_get_webhook_not_found" time="0.000"><skipped type="pytest.skip" message="Use --run-e2e to include e2e tests">/Users/elliottbregni/dev/obscura-main/tests/e2e/test_admin_webhooks.py:62: Use --run-e2e to include e2e tests</skipped></testcase><testcase classname="tests.e2e.test_admin_webhooks.TestWebhooks" name="test_delete_webhook" time="0.000"><skipped type="pytest.skip" message="Use --run-e2e to include e2e tests">/Users/elliottbregni/dev/obscura-main/tests/e2e/test_admin_webhooks.py:68: Use --run-e2e to include e2e tests</skipped></testcase><testcase classname="tests.e2e.test_admin_webhooks.TestAdminAuditLogs" name="test_list_audit_logs_admin_only" time="0.000"><skipped type="pytest.skip" message="Use --run-e2e to include e2e tests">/Users/elliottbregni/dev/obscura-main/tests/e2e/test_admin_webhooks.py:86: Use --run-e2e to include e2e tests</skipped></testcase><testcase classname="tests.e2e.test_admin_webhooks.TestAdminAuditLogs" name="test_audit_logs_filter_by_action" time="0.000"><skipped type="pytest.skip" message="Use --run-e2e to include e2e tests">/Users/elliottbregni/dev/obscura-main/tests/e2e/test_admin_webhooks.py:96: Use --run-e2e to include e2e tests</skipped></testcase><testcase classname="tests.e2e.test_admin_webhooks.TestAdminAuditLogs" name="test_audit_logs_pagination" time="0.000"><skipped type="pytest.skip" message="Use --run-e2e to include e2e tests">/Users/elliottbregni/dev/obscura-main/tests/e2e/test_admin_webhooks.py:109: Use --run-e2e to include e2e tests</skipped></testcase><testcase classname="tests.e2e.test_admin_webhooks.TestAdminAuditLogs" name="test_audit_logs_summary" time="0.000"><skipped type="pytest.skip" message="Use --run-e2e to include e2e tests">/Users/elliottbregni/dev/obscura-main/tests/e2e/test_admin_webhooks.py:119: Use --run-e2e to include e2e tests</skipped></testcase><testcase classname="tests.e2e.test_admin_webhooks.TestMetrics" name="test_get_system_metrics" time="0.000"><skipped type="pytest.skip" message="Use --run-e2e to include e2e tests">/Users/elliottbregni/dev/obscura-main/tests/e2e/test_admin_webhooks.py:135: Use --run-e2e to include e2e tests</skipped></testcase><testcase classname="tests.e2e.test_admin_webhooks.TestMetrics" name="test_get_agent_metrics" time="0.000"><skipped type="pytest.skip" message="Use --run-e2e to include e2e tests">/Users/elliottbregni/dev/obscura-main/tests/e2e/test_admin_webhooks.py:156: Use --run-e2e to include e2e tests</skipped></testcase><testcase classname="tests.e2e.test_admin_webhooks.TestMetrics" name="test_get_agent_metrics_not_found" time="0.000"><skipped type="pytest.skip" message="Use --run-e2e to include e2e tests">/Users/elliottbregni/dev/obscura-main/tests/e2e/test_admin_webhooks.py:172: Use --run-e2e to include e2e tests</skipped></testcase><testcase classname="tests.e2e.test_admin_webhooks.TestRateLimits" name="test_get_rate_limits_admin_only" time="0.000"><skipped type="pytest.skip" message="Use --run-e2e to include e2e tests">/Users/elliottbregni/dev/obscura-main/tests/e2e/test_admin_webhooks.py:183: Use --run-e2e to include e2e tests</skipped></testcase><testcase classname="tests.e2e.test_admin_webhooks.TestRateLimits" name="test_set_rate_limit" time="0.000"><skipped type="pytest.skip" message="Use --run-e2e to include e2e tests">/Users/elliottbregni/dev/obscura-main/tests/e2e/test_admin_webhooks.py:197: Use --run-e2e to include e2e tests</skipped></testcase><testcase classname="tests.e2e.test_admin_webhooks.TestRateLimits" name="test_set_rate_limit_missing_key" time="0.000"><skipped type="pytest.skip" message="Use --run-e2e to include e2e tests">/Users/elliottbregni/dev/obscura-main/tests/e2e/test_admin_webhooks.py:215: Use --run-e2e to include e2e tests</skipped></testcase><testcase classname="tests.e2e.test_admin_webhooks.TestRateLimits" name="test_delete_rate_limit" time="0.000"><skipped type="pytest.skip" message="Use --run-e2e to include e2e tests">/Users/elliottbregni/dev/obscura-main/tests/e2e/test_admin_webhooks.py:222: Use --run-e2e to include e2e tests</skipped></testcase><testcase classname="tests.e2e.test_agent_enhanced.TestAgentBulkOperations" name="test_bulk_spawn_agents" time="0.000"><skipped type="pytest.skip" message="Use --run-e2e to include e2e tests">/Users/elliottbregni/dev/obscura-main/tests/e2e/test_agent_enhanced.py:14: Use --run-e2e to include e2e tests</skipped></testcase><testcase classname="tests.e2e.test_agent_enhanced.TestAgentBulkOperations" name="test_bulk_spawn_empty_list" time="0.000"><skipped type="pytest.skip" message="Use --run-e2e to include e2e tests">/Users/elliottbregni/dev/obscura-main/tests/e2e/test_agent_enhanced.py:40: Use --run-e2e to include e2e tests</skipped></testcase><testcase classname="tests.e2e.test_agent_enhanced.TestAgentBulkOperations" name="test_bulk_spawn_too_many" time="0.000"><skipped type="pytest.skip" message="Use --run-e2e to include e2e tests">/Users/elliottbregni/dev/obscura-main/tests/e2e/test_agent_enhanced.py:48: Use --run-e2e to include e2e tests</skipped></testcase><testcase classname="tests.e2e.test_agent_enhanced.TestAgentBulkOperations" name="test_bulk_stop_agents" time="0.000"><skipped type="pytest.skip" message="Use --run-e2e to include e2e tests">/Users/elliottbregni/dev/obscura-main/tests/e2e/test_agent_enhanced.py:59: Use --run-e2e to include e2e tests</skipped></testcase><testcase classname="tests.e2e.test_agent_enhanced.TestAgentBulkOperations" name="test_bulk_stop_empty_list" time="0.000"><skipped type="pytest.skip" message="Use --run-e2e to include e2e tests">/Users/elliottbregni/dev/obscura-main/tests/e2e/test_agent_enhanced.py:88: Use --run-e2e to include e2e tests</skipped></testcase><testcase classname="tests.e2e.test_agent_enhanced.TestAgentBulkOperations" name="test_bulk_tag_agents" time="0.000"><skipped type="pytest.skip" message="Use --run-e2e to include e2e tests">/Users/elliottbregni/dev/obscura-main/tests/e2e/test_agent_enhanced.py:96: Use --run-e2e to include e2e tests</skipped></testcase><testcase classname="tests.e2e.test_agent_enhanced.TestAgentTemplates" name="test_create_template" time="0.000"><skipped type="pytest.skip" message="Use --run-e2e to include e2e tests">/Users/elliottbregni/dev/obscura-main/tests/e2e/test_agent_enhanced.py:129: Use --run-e2e to include e2e tests</skipped></testcase><testcase classname="tests.e2e.test_agent_enhanced.TestAgentTemplates" name="test_list_templates" time="0.000"><skipped type="pytest.skip" message="Use --run-e2e to include e2e tests">/Users/elliottbregni/dev/obscura-main/tests/e2e/test_agent_enhanced.py:150: Use --run-e2e to include e2e tests</skipped></testcase><testcase classname="tests.e2e.test_agent_enhanced.TestAgentTemplates" name="test_get_template" time="0.000"><skipped type="pytest.skip" message="Use --run-e2e to include e2e tests">/Users/elliottbregni/dev/obscura-main/tests/e2e/test_agent_enhanced.py:164: Use --run-e2e to include e2e tests</skipped></testcase><testcase classname="tests.e2e.test_agent_enhanced.TestAgentTemplates" name="test_get_template_not_found" time="0.000"><skipped type="pytest.skip" message="Use --run-e2e to include e2e tests">/Users/elliottbregni/dev/obscura-main/tests/e2e/test_agent_enhanced.py:182: Use --run-e2e to include e2e tests</skipped></testcase><testcase classname="tests.e2e.test_agent_enhanced.TestAgentTemplates" name="test_delete_template" time="0.000"><skipped type="pytest.skip" message="Use --run-e2e to include e2e tests">/Users/elliottbregni/dev/obscura-main/tests/e2e/test_agent_enhanced.py:188: Use --run-e2e to include e2e tests</skipped></testcase><testcase classname="tests.e2e.test_agent_enhanced.TestAgentTemplates" name="test_spawn_from_template" time="0.000"><skipped type="pytest.skip" message="Use --run-e2e to include e2e tests">/Users/elliottbregni/dev/obscura-main/tests/e2e/test_agent_enhanced.py:208: Use --run-e2e to include e2e tests</skipped></testcase><testcase classname="tests.e2e.test_agent_enhanced.TestAgentTemplates" name="test_spawn_from_template_not_found" time="0.000"><skipped type="pytest.skip" message="Use --run-e2e to include e2e tests">/Users/elliottbregni/dev/obscura-main/tests/e2e/test_agent_enhanced.py:238: Use --run-e2e to include e2e tests</skipped></testcase><testcase classname="tests.e2e.test_agent_enhanced.TestAgentTags" name="test_add_tags_to_agent" time="0.000"><skipped type="pytest.skip" message="Use --run-e2e to include e2e tests">/Users/elliottbregni/dev/obscura-main/tests/e2e/test_agent_enhanced.py:252: Use --run-e2e to include e2e tests</skipped></testcase><testcase classname="tests.e2e.test_agent_enhanced.TestAgentTags" name="test_remove_tags_from_agent" time="0.000"><skipped type="pytest.skip" message="Use --run-e2e to include e2e tests">/Users/elliottbregni/dev/obscura-main/tests/e2e/test_agent_enhanced.py:275: Use --run-e2e to include e2e tests</skipped></testcase><testcase classname="tests.e2e.test_agent_enhanced.TestAgentTags" name="test_get_agent_tags" time="0.000"><skipped type="pytest.skip" message="Use --run-e2e to include e2e tests">/Users/elliottbregni/dev/obscura-main/tests/e2e/test_agent_enhanced.py:304: Use --run-e2e to include e2e tests</skipped></testcase><testcase classname="tests.e2e.test_agent_enhanced.TestAgentTags" name="test_filter_agents_by_tags" time="0.000"><skipped type="pytest.skip" message="Use --run-e2e to include e2e tests">/Users/elliottbregni/dev/obscura-main/tests/e2e/test_agent_enhanced.py:327: Use --run-e2e to include e2e tests</skipped></testcase><testcase classname="tests.e2e.test_agent_enhanced.TestAgentTags" name="test_filter_agents_by_name" time="0.000"><skipped type="pytest.skip" message="Use --run-e2e to include e2e tests">/Users/elliottbregni/dev/obscura-main/tests/e2e/test_agent_enhanced.py:370: Use --run-e2e to include e2e tests</skipped></testcase><testcase classname="tests.e2e.test_agent_workflows.TestAgentLifecycle" name="test_health_check" time="0.000"><skipped type="pytest.skip" message="Use --run-e2e to include e2e tests">/Users/elliottbregni/dev/obscura-main/tests/e2e/test_agent_workflows.py:15: Use --run-e2e to include e2e tests</skipped></testcase><testcase classname="tests.e2e.test_agent_workflows.TestAgentLifecycle" name="test_spawn_agent" time="0.000"><skipped type="pytest.skip" message="Use --run-e2e to include e2e tests">/Users/elliottbregni/dev/obscura-main/tests/e2e/test_agent_workflows.py:22: Use --run-e2e to include e2e tests</skipped></testcase><testcase classname="tests.e2e.test_agent_workflows.TestAgentLifecycle" name="test_run_agent_task" time="0.000"><skipped type="pytest.skip" message="Use --run-e2e to include e2e tests">/Users/elliottbregni/dev/obscura-main/tests/e2e/test_agent_workflows.py:42: Use --run-e2e to include e2e tests</skipped></testcase><testcase classname="tests.e2e.test_agent_workflows.TestAgentLifecycle" name="test_list_agents" time="0.000"><skipped type="pytest.skip" message="Use --run-e2e to include e2e tests">/Users/elliottbregni/dev/obscura-main/tests/e2e/test_agent_workflows.py:73: Use --run-e2e to include e2e tests</skipped></testcase><testcase classname="tests.e2e.test_agent_workflows.TestAgentLifecycle" name="test_agent_status_after_spawn" time="0.000"><skipped type="pytest.skip" message="Use --run-e2e to include e2e tests">/Users/elliottbregni/dev/obscura-main/tests/e2e/test_agent_workflows.py:82: Use --run-e2e to include e2e tests</skipped></testcase><testcase classname="tests.e2e.test_agent_workflows.TestAgentLifecycle" name="test_stop_agent" time="0.000"><skipped type="pytest.skip" message="Use --run-e2e to include e2e tests">/Users/elliottbregni/dev/obscura-main/tests/e2e/test_agent_workflows.py:107: Use --run-e2e to include e2e tests</skipped></testcase><testcase classname="tests.e2e.test_agent_workflows.TestMemoryOperations" name="test_set_and_get_memory" time="0.000"><skipped type="pytest.skip" message="Use --run-e2e to include e2e tests">/Users/elliottbregni/dev/obscura-main/tests/e2e/test_agent_workflows.py:132: Use --run-e2e to include e2e tests</skipped></testcase><testcase classname="tests.e2e.test_agent_workflows.TestMemoryOperations" name="test_memory_not_found" time="0.000"><skipped type="pytest.skip" message="Use --run-e2e to include e2e tests">/Users/elliottbregni/dev/obscura-main/tests/e2e/test_agent_workflows.py:150: Use --run-e2e to include e2e tests</skipped></testcase><testcase classname="tests.e2e.test_agent_workflows.TestMemoryOperations" name="test_delete_memory" time="0.000"><skipped type="pytest.skip" message="Use --run-e2e to include e2e tests">/Users/elliottbregni/dev/obscura-main/tests/e2e/test_agent_workflows.py:155: Use --run-e2e to include e2e tests</skipped></testcase><testcase classname="tests.e2e.test_agent_workflows.TestMemoryOperations" name="test_list_memory_keys" time="0.000"><skipped type="pytest.skip" message="Use --run-e2e to include e2e tests">/Users/elliottbregni/dev/obscura-main/tests/e2e/test_agent_workflows.py:168: Use --run-e2e to include e2e tests</skipped></testcase><testcase classname="tests.e2e.test_agent_workflows.TestMemoryOperations" name="test_search_memory" time="0.000"><skipped type="pytest.skip" message="Use --run-e2e to include e2e tests">/Users/elliottbregni/dev/obscura-main/tests/e2e/test_agent_workflows.py:183: Use --run-e2e to include e2e tests</skipped></testcase><testcase classname="tests.e2e.test_agent_workflows.TestVectorMemory" name="test_remember_and_recall" time="0.000"><skipped type="pytest.skip" message="Use --run-e2e to include e2e tests">/Users/elliottbregni/dev/obscura-main/tests/e2e/test_agent_workflows.py:206: Use --run-e2e to include e2e tests</skipped></testcase><testcase classname="tests.e2e.test_agent_workflows.TestErrorHandling" name="test_404_agent_not_found" time="0.000"><skipped type="pytest.skip" message="Use --run-e2e to include e2e tests">/Users/elliottbregni/dev/obscura-main/tests/e2e/test_agent_workflows.py:238: Use --run-e2e to include e2e tests</skipped></testcase><testcase classname="tests.e2e.test_agent_workflows.TestErrorHandling" name="test_invalid_agent_id_format" time="0.000"><skipped type="pytest.skip" message="Use --run-e2e to include e2e tests">/Users/elliottbregni/dev/obscura-main/tests/e2e/test_agent_workflows.py:243: Use --run-e2e to include e2e tests</skipped></testcase><testcase classname="tests.e2e.test_agent_workflows.TestErrorHandling" name="test_unauthorized_request" time="0.000"><skipped type="pytest.skip" message="Use --run-e2e to include e2e tests">/Users/elliottbregni/dev/obscura-main/tests/e2e/test_agent_workflows.py:249: Use --run-e2e to include e2e tests</skipped></testcase><testcase classname="tests.e2e.test_agent_workflows.TestWorkflows" name="test_full_agent_workflow" time="0.000"><skipped type="pytest.skip" message="Use --run-e2e to include e2e tests">/Users/elliottbregni/dev/obscura-main/tests/e2e/test_agent_workflows.py:259: Use --run-e2e to include e2e tests</skipped></testcase><testcase classname="tests.e2e.test_auth.TestAPIKeyAuth" name="test_api_key_default_dev_key" time="0.000"><skipped type="pytest.skip" message="Use --run-e2e to include e2e tests">/Users/elliottbregni/dev/obscura-main/tests/e2e/test_auth.py:15: Use --run-e2e to include e2e tests</skipped></testcase><testcase classname="tests.e2e.test_auth.TestAPIKeyAuth" name="test_api_key_missing" time="0.000"><skipped type="pytest.skip" message="Use --run-e2e to include e2e tests">/Users/elliottbregni/dev/obscura-main/tests/e2e/test_auth.py:22: Use --run-e2e to include e2e tests</skipped></testcase><testcase classname="tests.e2e.test_auth.TestAPIKeyAuth" name="test_api_key_invalid" time="0.000"><skipped type="pytest.skip" message="Use --run-e2e to include e2e tests">/Users/elliottbregni/dev/obscura-main/tests/e2e/test_auth.py:30: Use --run-e2e to include e2e tests</skipped></testcase><testcase classname="tests.e2e.test_auth.TestAPIKeyAuth" name="test_api_key_spawn_agent" time="0.000"><skipped type="pytest.skip" message="Use --run-e2e to include e2e tests">/Users/elliottbregni/dev/obscura-main/tests/e2e/test_auth.py:37: Use --run-e2e to include e2e tests</skipped></testcase><testcase classname="tests.e2e.test_auth.TestAPIKeyAuth" name="test_health_no_auth_needed" time="0.000"><skipped type="pytest.skip" message="Use --run-e2e to include e2e tests">/Users/elliottbregni/dev/obscura-main/tests/e2e/test_auth.py:54: Use --run-e2e to include e2e tests</skipped></testcase><testcase classname="tests.e2e.test_auth.TestAuthBypass" name="test_no_auth_when_disabled" time="0.000"><skipped type="pytest.skip" message="Use --run-e2e to include e2e tests">/Users/elliottbregni/dev/obscura-main/tests/e2e/test_auth.py:66: Use --run-e2e to include e2e tests</skipped></testcase><testcase classname="tests.e2e.test_auth.TestAuthBypass" name="test_spawn_without_auth_when_disabled" time="0.000"><skipped type="pytest.skip" message="Use --run-e2e to include e2e tests">/Users/elliottbregni/dev/obscura-main/tests/e2e/test_auth.py:72: Use --run-e2e to include e2e tests</skipped></testcase><testcase classname="tests.e2e.test_memory_advanced.TestMemoryNamespaces" name="test_list_namespaces" time="0.000"><skipped type="pytest.skip" message="Use --run-e2e to include e2e tests">/Users/elliottbregni/dev/obscura-main/tests/e2e/test_memory_advanced.py:15: Use --run-e2e to include e2e tests</skipped></testcase><testcase classname="tests.e2e.test_memory_advanced.TestMemoryNamespaces" name="test_create_namespace" time="0.000"><skipped type="pytest.skip" message="Use --run-e2e to include e2e tests">/Users/elliottbregni/dev/obscura-main/tests/e2e/test_memory_advanced.py:29: Use --run-e2e to include e2e tests</skipped></testcase><testcase classname="tests.e2e.test_memory_advanced.TestMemoryNamespaces" name="test_delete_namespace" time="0.000"><skipped type="pytest.skip" message="Use --run-e2e to include e2e tests">/Users/elliottbregni/dev/obscura-main/tests/e2e/test_memory_advanced.py:46: Use --run-e2e to include e2e tests</skipped></testcase><testcase classname="tests.e2e.test_memory_advanced.TestMemoryNamespaces" name="test_delete_namespace_with_data" time="0.000"><skipped type="pytest.skip" message="Use --run-e2e to include e2e tests">/Users/elliottbregni/dev/obscura-main/tests/e2e/test_memory_advanced.py:61: Use --run-e2e to include e2e tests</skipped></testcase><testcase classname="tests.e2e.test_memory_advanced.TestMemoryNamespaces" name="test_namespace_stats" time="0.000"><skipped type="pytest.skip" message="Use --run-e2e to include e2e tests">/Users/elliottbregni/dev/obscura-main/tests/e2e/test_memory_advanced.py:78: Use --run-e2e to include e2e tests</skipped></testcase><testcase classname="tests.e2e.test_memory_advanced.TestMemoryTransactions" name="test_transaction_set_and_get" time="0.000"><skipped type="pytest.skip" message="Use --run-e2e to include e2e tests">/Users/elliottbregni/dev/obscura-main/tests/e2e/test_memory_advanced.py:97: Use --run-e2e to include e2e tests</skipped></testcase><testcase classname="tests.e2e.test_memory_advanced.TestMemoryTransactions" name="test_transaction_delete" time="0.000"><skipped type="pytest.skip" message="Use --run-e2e to include e2e tests">/Users/elliottbregni/dev/obscura-main/tests/e2e/test_memory_advanced.py:125: Use --run-e2e to include e2e tests</skipped></testcase><testcase classname="tests.e2e.test_memory_advanced.TestMemoryTransactions" name="test_transaction_empty_operations" time="0.000"><skipped type="pytest.skip" message="Use --run-e2e to include e2e tests">/Users/elliottbregni/dev/obscura-main/tests/e2e/test_memory_advanced.py:145: Use --run-e2e to include e2e tests</skipped></testcase><testcase classname="tests.e2e.test_memory_advanced.TestMemoryTransactions" name="test_transaction_mixed_namespaces" time="0.000"><skipped type="pytest.skip" message="Use --run-e2e to include e2e tests">/Users/elliottbregni/dev/obscura-main/tests/e2e/test_memory_advanced.py:153: Use --run-e2e to include e2e tests</skipped></testcase><testcase classname="tests.e2e.test_memory_advanced.TestMemoryImportExport" name="test_export_all_memory" time="0.000"><skipped type="pytest.skip" message="Use --run-e2e to include e2e tests">/Users/elliottbregni/dev/obscura-main/tests/e2e/test_memory_advanced.py:178: Use --run-e2e to include e2e tests</skipped></testcase><testcase classname="tests.e2e.test_memory_advanced.TestMemoryImportExport" name="test_export_single_namespace" time="0.000"><skipped type="pytest.skip" message="Use --run-e2e to include e2e tests">/Users/elliottbregni/dev/obscura-main/tests/e2e/test_memory_advanced.py:194: Use --run-e2e to include e2e tests</skipped></testcase><testcase classname="tests.e2e.test_memory_advanced.TestMemoryImportExport" name="test_import_memory" time="0.000"><skipped type="pytest.skip" message="Use --run-e2e to include e2e tests">/Users/elliottbregni/dev/obscura-main/tests/e2e/test_memory_advanced.py:207: Use --run-e2e to include e2e tests</skipped></testcase><testcase classname="tests.e2e.test_memory_advanced.TestMemoryImportExport" name="test_import_with_overwrite" time="0.000"><skipped type="pytest.skip" message="Use --run-e2e to include e2e tests">/Users/elliottbregni/dev/obscura-main/tests/e2e/test_memory_advanced.py:228: Use --run-e2e to include e2e tests</skipped></testcase><testcase classname="tests.e2e.test_memory_advanced.TestMemoryImportExport" name="test_import_without_overwrite" time="0.000"><skipped type="pytest.skip" message="Use --run-e2e to include e2e tests">/Users/elliottbregni/dev/obscura-main/tests/e2e/test_memory_advanced.py:248: Use --run-e2e to include e2e tests</skipped></testcase><testcase classname="tests.e2e.test_memory_advanced.TestMemoryImportExport" name="test_import_empty_data" time="0.000"><skipped type="pytest.skip" message="Use --run-e2e to include e2e tests">/Users/elliottbregni/dev/obscura-main/tests/e2e/test_memory_advanced.py:269: Use --run-e2e to include e2e tests</skipped></testcase><testcase classname="tests.e2e.test_memory_advanced.TestMemoryImportExport" name="test_roundtrip_export_import" time="0.000"><skipped type="pytest.skip" message="Use --run-e2e to include e2e tests">/Users/elliottbregni/dev/obscura-main/tests/e2e/test_memory_advanced.py:277: Use --run-e2e to include e2e tests</skipped></testcase><testcase classname="tests.e2e.test_system.TestDomain2SystemSync" name="test_sync_system_creates_symlinks" time="0.000"><skipped type="pytest.skip" message="Use --run-e2e to include e2e tests">/Users/elliottbregni/dev/obscura-main/tests/e2e/test_system.py:13: Use --run-e2e to include e2e tests</skipped></testcase><testcase classname="tests.e2e.test_system.TestDomain2SystemSync" name="test_sync_system_nested_override" time="0.000"><skipped type="pytest.skip" message="Use --run-e2e to include e2e tests">/Users/elliottbregni/dev/obscura-main/tests/e2e/test_system.py:31: Use --run-e2e to include e2e tests</skipped></testcase><testcase classname="tests.e2e.test_system.TestDomain2SystemSync" name="test_sync_system_agent_dir_content" time="0.000"><skipped type="pytest.skip" message="Use --run-e2e to include e2e tests">/Users/elliottbregni/dev/obscura-main/tests/e2e/test_system.py:45: Use --run-e2e to include e2e tests</skipped></testcase><testcase classname="tests.e2e.test_system.TestDomain2SystemSync" name="test_sync_system_agent_filtering" time="0.000"><skipped type="pytest.skip" message="Use --run-e2e to include e2e tests">/Users/elliottbregni/dev/obscura-main/tests/e2e/test_system.py:58: Use --run-e2e to include e2e tests</skipped></testcase><testcase classname="tests.e2e.test_system.TestDomain2SystemSync" name="test_sync_system_preserves_non_managed_files" time="0.000"><skipped type="pytest.skip" message="Use --run-e2e to include e2e tests">/Users/elliottbregni/dev/obscura-main/tests/e2e/test_system.py:78: Use --run-e2e to include e2e tests</skipped></testcase><testcase classname="tests.e2e.test_websocket_realtime.TestAgentGroups" name="test_create_group" time="0.000"><skipped type="pytest.skip" message="Use --run-e2e to include e2e tests">/Users/elliottbregni/dev/obscura-main/tests/e2e/test_websocket_realtime.py:15: Use --run-e2e to include e2e tests</skipped></testcase><testcase classname="tests.e2e.test_websocket_realtime.TestAgentGroups" name="test_list_groups" time="0.000"><skipped type="pytest.skip" message="Use --run-e2e to include e2e tests">/Users/elliottbregni/dev/obscura-main/tests/e2e/test_websocket_realtime.py:28: Use --run-e2e to include e2e tests</skipped></testcase><testcase classname="tests.e2e.test_websocket_realtime.TestAgentGroups" name="test_get_group" time="0.000"><skipped type="pytest.skip" message="Use --run-e2e to include e2e tests">/Users/elliottbregni/dev/obscura-main/tests/e2e/test_websocket_realtime.py:40: Use --run-e2e to include e2e tests</skipped></testcase><testcase classname="tests.e2e.test_websocket_realtime.TestAgentGroups" name="test_get_group_not_found" time="0.000"><skipped type="pytest.skip" message="Use --run-e2e to include e2e tests">/Users/elliottbregni/dev/obscura-main/tests/e2e/test_websocket_realtime.py:57: Use --run-e2e to include e2e tests</skipped></testcase><testcase classname="tests.e2e.test_websocket_realtime.TestAgentGroups" name="test_delete_group" time="0.000"><skipped type="pytest.skip" message="Use --run-e2e to include e2e tests">/Users/elliottbregni/dev/obscura-main/tests/e2e/test_websocket_realtime.py:63: Use --run-e2e to include e2e tests</skipped></testcase><testcase classname="tests.e2e.test_websocket_realtime.TestAgentGroups" name="test_broadcast_to_group" time="0.000"><skipped type="pytest.skip" message="Use --run-e2e to include e2e tests">/Users/elliottbregni/dev/obscura-main/tests/e2e/test_websocket_realtime.py:78: Use --run-e2e to include e2e tests</skipped></testcase><testcase classname="tests.e2e.test_websocket_realtime.TestAgentMessaging" name="test_send_message_between_agents" time="0.000"><skipped type="pytest.skip" message="Use --run-e2e to include e2e tests">/Users/elliottbregni/dev/obscura-main/tests/e2e/test_websocket_realtime.py:113: Use --run-e2e to include e2e tests</skipped></testcase><testcase classname="tests.e2e.test_websocket_realtime.TestAgentMessaging" name="test_send_message_source_not_found" time="0.000"><skipped type="pytest.skip" message="Use --run-e2e to include e2e tests">/Users/elliottbregni/dev/obscura-main/tests/e2e/test_websocket_realtime.py:137: Use --run-e2e to include e2e tests</skipped></testcase><testcase classname="tests.e2e.test_websocket_realtime.TestAgentMessaging" name="test_send_message_target_not_found" time="0.000"><skipped type="pytest.skip" message="Use --run-e2e to include e2e tests">/Users/elliottbregni/dev/obscura-main/tests/e2e/test_websocket_realtime.py:145: Use --run-e2e to include e2e tests</skipped></testcase><testcase classname="tests.e2e.test_websocket_realtime.TestAgentMessaging" name="test_get_agent_messages" time="0.000"><skipped type="pytest.skip" message="Use --run-e2e to include e2e tests">/Users/elliottbregni/dev/obscura-main/tests/e2e/test_websocket_realtime.py:159: Use --run-e2e to include e2e tests</skipped></testcase><testcase classname="tests.e2e.test_websocket_realtime.TestWebSocketEndpoints" name="test_agent_websocket" time="0.000"><skipped type="pytest.skip" message="Use --run-e2e to include e2e tests">/Users/elliottbregni/dev/obscura-main/tests/e2e/test_websocket_realtime.py:178: Use --run-e2e to include e2e tests</skipped></testcase><testcase classname="tests.e2e.test_websocket_realtime.TestWebSocketEndpoints" name="test_broadcast_websocket" time="0.000"><skipped type="pytest.skip" message="Use --run-e2e to include e2e tests">/Users/elliottbregni/dev/obscura-main/tests/e2e/test_websocket_realtime.py:198: Use --run-e2e to include e2e tests</skipped></testcase><testcase classname="tests.e2e.test_websocket_realtime.TestWebSocketEndpoints" name="test_memory_watch_websocket" time="0.000"><skipped type="pytest.skip" message="Use --run-e2e to include e2e tests">/Users/elliottbregni/dev/obscura-main/tests/e2e/test_websocket_realtime.py:204: Use --run-e2e to include e2e tests</skipped></testcase><testcase classname="tests.e2e.test_websocket_realtime.TestWebSocketEndpoints" name="test_monitor_websocket" time="0.000"><skipped type="pytest.skip" message="Use --run-e2e to include e2e tests">/Users/elliottbregni/dev/obscura-main/tests/e2e/test_websocket_realtime.py:217: Use --run-e2e to include e2e tests</skipped></testcase><testcase classname="tests.e2e.test_workflows.TestWorkflows" name="test_create_workflow" time="0.000"><skipped type="pytest.skip" message="Use --run-e2e to include e2e tests">/Users/elliottbregni/dev/obscura-main/tests/e2e/test_workflows.py:15: Use --run-e2e to include e2e tests</skipped></testcase><testcase classname="tests.e2e.test_workflows.TestWorkflows" name="test_list_workflows" time="0.000"><skipped type="pytest.skip" message="Use --run-e2e to include e2e tests">/Users/elliottbregni/dev/obscura-main/tests/e2e/test_workflows.py:44: Use --run-e2e to include e2e tests</skipped></testcase><testcase classname="tests.e2e.test_workflows.TestWorkflows" name="test_get_workflow" time="0.000"><skipped type="pytest.skip" message="Use --run-e2e to include e2e tests">/Users/elliottbregni/dev/obscura-main/tests/e2e/test_workflows.py:56: Use --run-e2e to include e2e tests</skipped></testcase><testcase classname="tests.e2e.test_workflows.TestWorkflows" name="test_get_workflow_not_found" time="0.000"><skipped type="pytest.skip" message="Use --run-e2e to include e2e tests">/Users/elliottbregni/dev/obscura-main/tests/e2e/test_workflows.py:73: Use --run-e2e to include e2e tests</skipped></testcase><testcase classname="tests.e2e.test_workflows.TestWorkflows" name="test_delete_workflow" time="0.000"><skipped type="pytest.skip" message="Use --run-e2e to include e2e tests">/Users/elliottbregni/dev/obscura-main/tests/e2e/test_workflows.py:79: Use --run-e2e to include e2e tests</skipped></testcase><testcase classname="tests.e2e.test_workflows.TestWorkflows" name="test_execute_workflow" time="0.000"><skipped type="pytest.skip" message="Use --run-e2e to include e2e tests">/Users/elliottbregni/dev/obscura-main/tests/e2e/test_workflows.py:94: Use --run-e2e to include e2e tests</skipped></testcase><testcase classname="tests.e2e.test_workflows.TestWorkflows" name="test_execute_workflow_not_found" time="0.000"><skipped type="pytest.skip" message="Use --run-e2e to include e2e tests">/Users/elliottbregni/dev/obscura-main/tests/e2e/test_workflows.py:117: Use --run-e2e to include e2e tests</skipped></testcase><testcase classname="tests.e2e.test_workflows.TestWorkflows" name="test_list_workflow_executions" time="0.000"><skipped type="pytest.skip" message="Use --run-e2e to include e2e tests">/Users/elliottbregni/dev/obscura-main/tests/e2e/test_workflows.py:125: Use --run-e2e to include e2e tests</skipped></testcase><testcase classname="tests.e2e.test_workflows.TestWorkflows" name="test_get_execution" time="0.000"><skipped type="pytest.skip" message="Use --run-e2e to include e2e tests">/Users/elliottbregni/dev/obscura-main/tests/e2e/test_workflows.py:145: Use --run-e2e to include e2e tests</skipped></testcase><testcase classname="tests.e2e.test_workflows.TestWorkflows" name="test_get_execution_not_found" time="0.000"><skipped type="pytest.skip" message="Use --run-e2e to include e2e tests">/Users/elliottbregni/dev/obscura-main/tests/e2e/test_workflows.py:165: Use --run-e2e to include e2e tests</skipped></testcase><testcase classname="tests.integration.test_a2a_aper_system_tools_e2e" name="test_a2a_aper_workflow_executes_all_system_tools" time="0.001" /><testcase classname="tests.integration.test_a2a_discovery_capabilities" name="test_well_known_discovery_exposes_skills_and_capabilities" time="0.007" /><testcase classname="tests.integration.test_a2a_discovery_capabilities" name="test_jsonrpc_agent_card_matches_well_known_discovery" time="0.007" /><testcase classname="tests.integration.test_a2a_discovery_capabilities" name="test_a2a_client_discover_populates_agent_card_capabilities" time="0.007" /><testcase classname="tests.integration.test_mcp_catalog_top500" name="test_top_500_catalog_fetch_and_write_round_trip" time="0.526" /><testcase classname="tests.integration.test_mcp_catalog_top500" name="test_registry_api_provider_fetches_paginated_top_500" time="0.514" /><testcase classname="tests.integration.test_mcp_catalog_top500" name="test_top_500_catalog_includes_supabase_from_source" time="0.524" /><testcase classname="tests.integration.test_mcp_catalog_top500" name="test_live_mcpservers_org_top_500_optional" time="0.002"><skipped type="pytest.skip" message="Set OBSCURA_RUN_LIVE_MCP_CATALOG=1 to run live mcpservers.org fetch">/Users/elliottbregni/dev/obscura-main/tests/integration/test_mcp_catalog_top500.py:178: Set OBSCURA_RUN_LIVE_MCP_CATALOG=1 to run live mcpservers.org fetch</skipped></testcase><testcase classname="tests.integration.test_mcp_popular_servers" name="test_popular_server_discovery_and_selection" time="0.003" /><testcase classname="tests.integration.test_mcp_popular_servers" name="test_demo_add_server_round_trips_with_core_loader" time="0.003" /><testcase classname="tests.integration.test_mcp_popular_servers" name="test_popular_single_server_round_trip[github]" time="0.002" /><testcase classname="tests.integration.test_mcp_popular_servers" name="test_popular_single_server_round_trip[jira]" time="0.002" /><testcase classname="tests.integration.test_mcp_popular_servers" name="test_popular_single_server_round_trip[auth0]" time="0.002" /><testcase classname="tests.integration.test_mcp_popular_servers" name="test_popular_single_server_round_trip[postman]" time="0.002" /><testcase classname="tests.integration.test_mcp_popular_servers" name="test_popular_single_server_round_trip[playwright]" time="0.002" /><testcase classname="tests.integration.test_mcp_popular_servers" name="test_popular_single_server_round_trip[filesystem]" time="0.002" /><testcase classname="tests.integration.test_mcp_popular_servers" name="test_popular_single_server_round_trip[slack]" time="0.002" /><testcase classname="tests.integration.test_mcp_popular_servers" name="test_popular_single_server_round_trip[notion]" time="0.001" /><testcase classname="tests.integration.test_mcp_popular_servers" name="test_popular_single_server_round_trip[linear]" time="0.002" /><testcase classname="tests.integration.test_mcp_popular_servers" name="test_popular_single_server_round_trip[stripe]" time="0.001" /><testcase classname="tests.integration.test_mcp_popular_servers" name="test_popular_single_server_round_trip[sentry]" time="0.002" /><testcase classname="tests.integration.test_mcp_popular_servers" name="test_popular_single_server_round_trip[gitlab]" time="0.002" /><testcase classname="tests.integration.test_mcp_popular_servers" name="test_popular_single_server_round_trip[confluence]" time="0.001" /><testcase classname="tests.integration.test_mcp_popular_servers" name="test_popular_single_server_round_trip[atlassian]" time="0.001" /><testcase classname="tests.integration.test_mcp_popular_servers" name="test_popular_single_server_round_trip[jenkins]" time="0.001" /><testcase classname="tests.integration.test_mcp_popular_servers" name="test_popular_single_server_round_trip[docker]" time="0.001" /><testcase classname="tests.integration.test_mcp_popular_servers" name="test_popular_single_server_round_trip[kubernetes]" time="0.002" /><testcase classname="tests.integration.test_mcp_popular_servers" name="test_popular_single_server_round_trip[aws]" time="0.001" /><testcase classname="tests.integration.test_mcp_popular_servers" name="test_popular_single_server_round_trip[gcp]" time="0.001" /><testcase classname="tests.integration.test_mcp_popular_servers" name="test_popular_single_server_round_trip[azure]" time="0.001" /><testcase classname="tests.integration.test_mcp_popular_servers" name="test_top_100_catalog_has_expected_size_and_supabase" time="0.001" /><testcase classname="tests.integration.test_mcp_popular_servers" name="test_top_100_github_mcp_catalog_round_trip[top100-github]" time="0.001" /><testcase classname="tests.integration.test_mcp_popular_servers" name="test_top_100_github_mcp_catalog_round_trip[top100-jira]" time="0.001" /><testcase classname="tests.integration.test_mcp_popular_servers" name="test_top_100_github_mcp_catalog_round_trip[top100-auth0]" time="0.001" /><testcase classname="tests.integration.test_mcp_popular_servers" name="test_top_100_github_mcp_catalog_round_trip[top100-postman]" time="0.001" /><testcase classname="tests.integration.test_mcp_popular_servers" name="test_top_100_github_mcp_catalog_round_trip[top100-playwright]" time="0.001" /><testcase classname="tests.integration.test_mcp_popular_servers" name="test_top_100_github_mcp_catalog_round_trip[top100-filesystem]" time="0.001" /><testcase classname="tests.integration.test_mcp_popular_servers" name="test_top_100_github_mcp_catalog_round_trip[top100-supabase]" time="0.001" /><testcase classname="tests.integration.test_mcp_popular_servers" name="test_top_100_github_mcp_catalog_round_trip[top100-slack]" time="0.001" /><testcase classname="tests.integration.test_mcp_popular_servers" name="test_top_100_github_mcp_catalog_round_trip[top100-notion]" time="0.001" /><testcase classname="tests.integration.test_mcp_popular_servers" name="test_top_100_github_mcp_catalog_round_trip[top100-linear]" time="0.001" /><testcase classname="tests.integration.test_mcp_popular_servers" name="test_top_100_github_mcp_catalog_round_trip[top100-stripe]" time="0.001" /><testcase classname="tests.integration.test_mcp_popular_servers" name="test_top_100_github_mcp_catalog_round_trip[top100-sentry]" time="0.001" /><testcase classname="tests.integration.test_mcp_popular_servers" name="test_top_100_github_mcp_catalog_round_trip[top100-gitlab]" time="0.001" /><testcase classname="tests.integration.test_mcp_popular_servers" name="test_top_100_github_mcp_catalog_round_trip[top100-confluence]" time="0.001" /><testcase classname="tests.integration.test_mcp_popular_servers" name="test_top_100_github_mcp_catalog_round_trip[top100-atlassian]" time="0.001" /><testcase classname="tests.integration.test_mcp_popular_servers" name="test_top_100_github_mcp_catalog_round_trip[top100-jenkins]" time="0.001" /><testcase classname="tests.integration.test_mcp_popular_servers" name="test_top_100_github_mcp_catalog_round_trip[top100-docker]" time="0.001" /><testcase classname="tests.integration.test_mcp_popular_servers" name="test_top_100_github_mcp_catalog_round_trip[top100-kubernetes]" time="0.001" /><testcase classname="tests.integration.test_mcp_popular_servers" name="test_top_100_github_mcp_catalog_round_trip[top100-aws]" time="0.001" /><testcase classname="tests.integration.test_mcp_popular_servers" name="test_top_100_github_mcp_catalog_round_trip[top100-gcp]" time="0.001" /><testcase classname="tests.integration.test_mcp_popular_servers" name="test_top_100_github_mcp_catalog_round_trip[top100-azure]" time="0.001" /><testcase classname="tests.integration.test_mcp_popular_servers" name="test_top_100_github_mcp_catalog_round_trip[top100-cloudflare]" time="0.001" /><testcase classname="tests.integration.test_mcp_popular_servers" name="test_top_100_github_mcp_catalog_round_trip[top100-keycloak]" time="0.001" /><testcase classname="tests.integration.test_mcp_popular_servers" name="test_top_100_github_mcp_catalog_round_trip[top100-google-workspace]" time="0.001" /><testcase classname="tests.integration.test_mcp_popular_servers" name="test_top_100_github_mcp_catalog_round_trip[top100-google-calendar]" time="0.001" /><testcase classname="tests.integration.test_mcp_popular_servers" name="test_top_100_github_mcp_catalog_round_trip[top100-gmail]" time="0.001" /><testcase classname="tests.integration.test_mcp_popular_servers" name="test_top_100_github_mcp_catalog_round_trip[top100-google-drive]" time="0.001" /><testcase classname="tests.integration.test_mcp_popular_servers" name="test_top_100_github_mcp_catalog_round_trip[top100-google-sheets]" time="0.001" /><testcase classname="tests.integration.test_mcp_popular_servers" name="test_top_100_github_mcp_catalog_round_trip[top100-google-docs]" time="0.001" /><testcase classname="tests.integration.test_mcp_popular_servers" name="test_top_100_github_mcp_catalog_round_trip[top100-todoist]" time="0.001" /><testcase classname="tests.integration.test_mcp_popular_servers" name="test_top_100_github_mcp_catalog_round_trip[top100-obsidian]" time="0.001" /><testcase classname="tests.integration.test_mcp_popular_servers" name="test_top_100_github_mcp_catalog_round_trip[top100-apple-notes]" time="0.001" /><testcase classname="tests.integration.test_mcp_popular_servers" name="test_top_100_github_mcp_catalog_round_trip[top100-apple-books]" time="0.001" /><testcase classname="tests.integration.test_mcp_popular_servers" name="test_top_100_github_mcp_catalog_round_trip[top100-youtube]" time="0.001" /><testcase classname="tests.integration.test_mcp_popular_servers" name="test_top_100_github_mcp_catalog_round_trip[top100-spotify]" time="0.002" /><testcase classname="tests.integration.test_mcp_popular_servers" name="test_top_100_github_mcp_catalog_round_trip[top100-tiktok]" time="0.001" /><testcase classname="tests.integration.test_mcp_popular_servers" name="test_top_100_github_mcp_catalog_round_trip[top100-bluesky]" time="0.001" /><testcase classname="tests.integration.test_mcp_popular_servers" name="test_top_100_github_mcp_catalog_round_trip[top100-shopify]" time="0.002" /><testcase classname="tests.integration.test_mcp_popular_servers" name="test_top_100_github_mcp_catalog_round_trip[top100-mercadolibre]" time="0.001" /><testcase classname="tests.integration.test_mcp_popular_servers" name="test_top_100_github_mcp_catalog_round_trip[top100-openlibrary]" time="0.001" /><testcase classname="tests.integration.test_mcp_popular_servers" name="test_top_100_github_mcp_catalog_round_trip[top100-semgrep]" time="0.001" /><testcase classname="tests.integration.test_mcp_popular_servers" name="test_top_100_github_mcp_catalog_round_trip[top100-osv]" time="0.001" /><testcase classname="tests.integration.test_mcp_popular_servers" name="test_top_100_github_mcp_catalog_round_trip[top100-vulert]" time="0.001" /><testcase classname="tests.integration.test_mcp_popular_servers" name="test_top_100_github_mcp_catalog_round_trip[top100-wazuh]" time="0.001" /><testcase classname="tests.integration.test_mcp_popular_servers" name="test_top_100_github_mcp_catalog_round_trip[top100-sonarqube]" time="0.001" /><testcase classname="tests.integration.test_mcp_popular_servers" name="test_top_100_github_mcp_catalog_round_trip[top100-jmeter]" time="0.001" /><testcase classname="tests.integration.test_mcp_popular_servers" name="test_top_100_github_mcp_catalog_round_trip[top100-argocd]" time="0.001" /><testcase classname="tests.integration.test_mcp_popular_servers" name="test_top_100_github_mcp_catalog_round_trip[top100-tree-sitter]" time="0.001" /><testcase classname="tests.integration.test_mcp_popular_servers" name="test_top_100_github_mcp_catalog_round_trip[top100-mem0]" time="0.001" /><testcase classname="tests.integration.test_mcp_popular_servers" name="test_top_100_github_mcp_catalog_round_trip[top100-sandbox]" time="0.001" /><testcase classname="tests.integration.test_mcp_popular_servers" name="test_top_100_github_mcp_catalog_round_trip[top100-openapi-schema-explorer]" time="0.001" /><testcase classname="tests.integration.test_mcp_popular_servers" name="test_top_100_github_mcp_catalog_round_trip[top100-openrpc]" time="0.001" /><testcase classname="tests.integration.test_mcp_popular_servers" name="test_top_100_github_mcp_catalog_round_trip[top100-octocode]" time="0.002" /><testcase classname="tests.integration.test_mcp_popular_servers" name="test_top_100_github_mcp_catalog_round_trip[top100-globalping]" time="0.001" /><testcase classname="tests.integration.test_mcp_popular_servers" name="test_top_100_github_mcp_catalog_round_trip[top100-gitkraken]" time="0.002" /><testcase classname="tests.integration.test_mcp_popular_servers" name="test_top_100_github_mcp_catalog_round_trip[top100-maven-tools]" time="0.001" /><testcase classname="tests.integration.test_mcp_popular_servers" name="test_top_100_github_mcp_catalog_round_trip[top100-defang]" time="0.001" /><testcase classname="tests.integration.test_mcp_popular_servers" name="test_top_100_github_mcp_catalog_round_trip[top100-vegalite]" time="0.001" /><testcase classname="tests.integration.test_mcp_popular_servers" name="test_top_100_github_mcp_catalog_round_trip[top100-echarts]" time="0.001" /><testcase classname="tests.integration.test_mcp_popular_servers" name="test_top_100_github_mcp_catalog_round_trip[top100-mermaid]" time="0.001" /><testcase classname="tests.integration.test_mcp_popular_servers" name="test_top_100_github_mcp_catalog_round_trip[top100-chart]" time="0.002" /><testcase classname="tests.integration.test_mcp_popular_servers" name="test_top_100_github_mcp_catalog_round_trip[top100-unified-diff]" time="0.002" /><testcase classname="tests.integration.test_mcp_popular_servers" name="test_top_100_github_mcp_catalog_round_trip[top100-rube]" time="0.002" /><testcase classname="tests.integration.test_mcp_popular_servers" name="test_top_100_github_mcp_catalog_round_trip[top100-pipedream]" time="0.001" /><testcase classname="tests.integration.test_mcp_popular_servers" name="test_top_100_github_mcp_catalog_round_trip[top100-zapier]" time="0.001" /><testcase classname="tests.integration.test_mcp_popular_servers" name="test_top_100_github_mcp_catalog_round_trip[top100-mcpjungle]" time="0.001" /><testcase classname="tests.integration.test_mcp_popular_servers" name="test_top_100_github_mcp_catalog_round_trip[top100-toolhive]" time="0.002" /><testcase classname="tests.integration.test_mcp_popular_servers" name="test_top_100_github_mcp_catalog_round_trip[top100-mcp-get]" time="0.002" /><testcase classname="tests.integration.test_mcp_popular_servers" name="test_top_100_github_mcp_catalog_round_trip[top100-mxcp]" time="0.002" /><testcase classname="tests.integration.test_mcp_popular_servers" name="test_top_100_github_mcp_catalog_round_trip[top100-yamcp]" time="0.001" /><testcase classname="tests.integration.test_mcp_popular_servers" name="test_top_100_github_mcp_catalog_round_trip[top100-remote-mcp]" time="0.002" /><testcase classname="tests.integration.test_mcp_popular_servers" name="test_top_100_github_mcp_catalog_round_trip[top100-chronulus]" time="0.002" /><testcase classname="tests.integration.test_mcp_popular_servers" name="test_top_100_github_mcp_catalog_round_trip[top100-llamacloud]" time="0.002" /><testcase classname="tests.integration.test_mcp_popular_servers" name="test_top_100_github_mcp_catalog_round_trip[top100-huggingface-spaces]" time="0.002" /><testcase classname="tests.integration.test_mcp_popular_servers" name="test_top_100_github_mcp_catalog_round_trip[top100-openai-compatible-chat]" time="0.002" /><testcase classname="tests.integration.test_mcp_popular_servers" name="test_top_100_github_mcp_catalog_round_trip[top100-perplexity]" time="0.002" /><testcase classname="tests.integration.test_mcp_popular_servers" name="test_top_100_github_mcp_catalog_round_trip[top100-arxiv]" time="0.002" /><testcase classname="tests.integration.test_mcp_popular_servers" name="test_top_100_github_mcp_catalog_round_trip[top100-paperswithcode]" time="0.002" /><testcase classname="tests.integration.test_mcp_popular_servers" name="test_top_100_github_mcp_catalog_round_trip[top100-tavily]" time="0.002" /><testcase classname="tests.integration.test_mcp_popular_servers" name="test_top_100_github_mcp_catalog_round_trip[top100-search1api]" time="0.002" /><testcase classname="tests.integration.test_mcp_popular_servers" name="test_top_100_github_mcp_catalog_round_trip[top100-searxng]" time="0.002" /><testcase classname="tests.integration.test_mcp_popular_servers" name="test_top_100_github_mcp_catalog_round_trip[top100-firecrawl]" time="0.002" /><testcase classname="tests.integration.test_mcp_popular_servers" name="test_top_100_github_mcp_catalog_round_trip[top100-exa]" time="0.002" /><testcase classname="tests.integration.test_mcp_popular_servers" name="test_top_100_github_mcp_catalog_round_trip[top100-skyvern]" time="0.002" /><testcase classname="tests.integration.test_mcp_popular_servers" name="test_top_100_github_mcp_catalog_round_trip[top100-browser-control]" time="0.002" /><testcase classname="tests.integration.test_mcp_popular_servers" name="test_top_100_github_mcp_catalog_round_trip[top100-apify-actors]" time="0.002" /><testcase classname="tests.integration.test_mcp_popular_servers" name="test_top_100_github_mcp_catalog_round_trip[top100-rag-web-browser]" time="0.002" /><testcase classname="tests.integration.test_mcp_popular_servers" name="test_top_100_github_mcp_catalog_round_trip[top100-cloudflare-workers]" time="0.001" /><testcase classname="tests.integration.test_mcp_popular_servers" name="test_top_100_github_mcp_catalog_round_trip[top100-cloudflare-r2]" time="0.002" /><testcase classname="tests.integration.test_mcp_popular_servers" name="test_top_100_github_mcp_catalog_round_trip[top100-cloudflare-d1]" time="0.002" /><testcase classname="tests.integration.test_mcp_popular_servers" name="test_top_100_github_mcp_catalog_round_trip[top100-tinybird]" time="0.002" /><testcase classname="tests.integration.test_mcp_popular_servers" name="test_top_100_github_mcp_catalog_round_trip[top100-make]" time="0.002" /><testcase classname="tests.integration.test_mcp_popular_servers" name="test_top_100_github_mcp_catalog_round_trip[top100-taskade]" time="0.001" /><testcase classname="tests.integration.test_mcp_popular_servers" name="test_top_100_github_mcp_catalog_round_trip[top100-netwrix]" time="0.002" /><testcase classname="tests.integration.test_mcp_popular_servers" name="test_top_100_github_mcp_catalog_round_trip[top100-entra-id]" time="0.002" /><testcase classname="tests.integration.test_mcp_popular_servers" name="test_top_100_github_mcp_catalog_round_trip[top100-coreflux-mqtt]" time="0.002" /><testcase classname="tests.integration.test_mcp_popular_servers" name="test_top_100_github_mcp_catalog_round_trip[top100-bagel]" time="0.001" /><testcase classname="tests.integration.test_mcp_popular_servers" name="test_top_100_github_mcp_catalog_round_trip[top100-keboola]" time="0.002" /><testcase classname="tests.integration.test_mcp_popular_servers" name="test_top_100_github_mcp_catalog_round_trip[top100-mcp-proxy]" time="0.002" /><testcase classname="tests.integration.test_mcp_popular_servers" name="test_top_100_github_mcp_catalog_round_trip[top100-mcp-gateway]" time="0.002" /><testcase classname="tests.integration.test_obscura_modular_loading" name="test_loads_mcp_from_workspace_obscura_directory" time="0.002" /><testcase classname="tests.integration.test_obscura_modular_loading" name="test_loads_skill_documents_from_workspace_obscura_directory" time="0.003" /><testcase classname="tests.integration.test_obscura_modular_loading" name="test_obscura_home_env_overrides_workspace_obscura" time="0.002" /><testcase classname="tests.integration.test_system_tools_macbook" name="test_run_python3_real_execution_on_macbook" time="0.023" /><testcase classname="tests.integration.test_system_tools_macbook" name="test_run_npx_real_execution_on_macbook" time="0.226" /><testcase classname="tests.integration.test_system_tools_macbook" name="test_run_command_real_execution_on_macbook" time="0.007" /><testcase classname="tests.integration.test_system_tools_macbook" name="test_run_shell_real_execution_on_macbook" time="0.174" /><testcase classname="tests.integration.test_system_tools_macbook" name="test_filesystem_tools_real_execution_on_macbook" time="0.003" /><testcase classname="tests.integration.test_system_tools_macbook" name="test_discovery_tools_real_execution_on_macbook" time="0.044" /><testcase classname="tests.integration.test_system_tools_macbook" name="test_ops_security_tools_real_execution_on_macbook" time="0.051" /><testcase classname="tests.integration.test_system_tools_macbook" name="test_manage_crontab_list_only_real_execution_on_macbook" time="0.009" /><testcase classname="tests.unit.obscura.agent.test_agents_manifest.TestAgentConfigFromManifest" name="test_basic_manifest" time="0.002" /><testcase classname="tests.unit.obscura.agent.test_agents_manifest.TestAgentConfigFromManifest" name="test_tools_and_tags" time="0.001" /><testcase classname="tests.unit.obscura.agent.test_agents_manifest.TestAgentConfigFromManifest" name="test_delegation" time="0.002" /><testcase classname="tests.unit.obscura.agent.test_agents_manifest.TestAgentConfigFromManifest" name="test_tool_allowlist" time="0.002" /><testcase classname="tests.unit.obscura.agent.test_agents_manifest.TestAgentConfigFromManifest" name="test_tool_allowlist_none" time="0.003" /><testcase classname="tests.unit.obscura.agent.test_agents_manifest.TestAgentConfigFromManifest" name="test_mcp_from_refs" time="0.007" /><testcase classname="tests.unit.obscura.agent.test_agents_manifest.TestAgentConfigFromManifest" name="test_mcp_server_names" time="0.001" /><testcase classname="tests.unit.obscura.agent.test_agents_manifest.TestAgentConfigFromManifest" name="test_system_prompt_includes_skills" time="0.001" /><testcase classname="tests.unit.obscura.agent.test_agents_manifest.TestSupervisorConfigFromDirectory" name="test_scans_agent_md_files" time="0.002" /><testcase classname="tests.unit.obscura.agent.test_agents_manifest.TestSupervisorConfigFromDirectory" name="test_agent_fields_mapped" time="0.002" /><testcase classname="tests.unit.obscura.agent.test_agents_manifest.TestSupervisorConfigFromDirectory" name="test_empty_directory" time="0.002" /><testcase classname="tests.unit.obscura.agent.test_agents_manifest.TestSupervisorConfigFromDirectory" name="test_nonexistent_directory" time="0.001" /><testcase classname="tests.unit.obscura.agent.test_agents_manifest.TestSupervisorConfigFromDirectory" name="test_tool_allowlist_mapped" time="0.002" /><testcase classname="tests.unit.obscura.agent.test_aper.TestAPERProfile" name="test_defaults" time="0.001" /><testcase classname="tests.unit.obscura.agent.test_aper.TestAPERProfile" name="test_frozen" time="0.001" /><testcase classname="tests.unit.obscura.agent.test_aper.TestAPERProfile" name="test_custom" time="0.001" /><testcase classname="tests.unit.obscura.agent.test_aper.TestServerAPERAgent" name="test_analyze" time="0.002" /><testcase classname="tests.unit.obscura.agent.test_aper.TestServerAPERAgent" name="test_plan" time="0.002" /><testcase classname="tests.unit.obscura.agent.test_aper.TestServerAPERAgent" name="test_execute" time="0.001" /><testcase classname="tests.unit.obscura.agent.test_aper.TestServerAPERAgent" name="test_respond" time="0.002" /><testcase classname="tests.unit.obscura.agent.test_aper.TestServerAPERAgent" name="test_respond_empty_results" time="0.002" /><testcase classname="tests.unit.obscura.agent.test_broker_wiring" name="test_broker_register_tool_stores_handler" time="0.001" /><testcase classname="tests.unit.obscura.agent.test_broker_wiring" name="test_broker_register_tool_stores_schema" time="0.001" /><testcase classname="tests.unit.obscura.agent.test_broker_wiring" name="test_broker_register_tool_no_schema" time="0.001" /><testcase classname="tests.unit.obscura.agent.test_broker_wiring" name="test_broker_registered_tools_property" time="0.001" /><testcase classname="tests.unit.obscura.agent.test_broker_wiring" name="test_broker_schemas_property" time="0.001" /><testcase classname="tests.unit.obscura.agent.test_capability_wiring" name="test_agent_config_has_capabilities_field" time="0.001" /><testcase classname="tests.unit.obscura.agent.test_capability_wiring" name="test_agent_config_has_plugins_field" time="0.001" /><testcase classname="tests.unit.obscura.agent.test_capability_wiring" name="test_agent_config_from_manifest_maps_capabilities" time="0.001" /><testcase classname="tests.unit.obscura.agent.test_capability_wiring" name="test_agent_config_from_manifest_maps_plugins" time="0.001" /><testcase classname="tests.unit.obscura.agent.test_daemon_imessage.TestIMessageTrigger" name="test_defaults" time="0.001" /><testcase classname="tests.unit.obscura.agent.test_daemon_imessage.TestIMessageTrigger" name="test_custom_interval" time="0.001" /><testcase classname="tests.unit.obscura.agent.test_daemon_imessage.TestIMessageTrigger" name="test_frozen" time="0.001" /><testcase classname="tests.unit.obscura.agent.test_daemon_imessage.TestDaemonIMessageHandling" name="test_loop_forever_alias_calls_run_forever" time="0.004" /><testcase classname="tests.unit.obscura.agent.test_daemon_imessage.TestDaemonIMessageHandling" name="test_handle_trigger_dispatches_imessage" time="0.009" /><testcase classname="tests.unit.obscura.agent.test_daemon_imessage.TestDaemonIMessageHandling" name="test_handle_trigger_non_imessage_unchanged" time="0.003" /><testcase classname="tests.unit.obscura.agent.test_daemon_imessage.TestDaemonIMessageHandling" name="test_multi_turn_persists_for_same_conversation" time="0.014" /><testcase classname="tests.unit.obscura.agent.test_daemon_imessage.TestDaemonIMessageHandling" name="test_forced_recipient_overrides_sender_target" time="0.010" /><testcase classname="tests.unit.obscura.agent.test_daemon_imessage.TestDaemonIMessageHandling" name="test_send_timeout_records_failure_event" time="0.011" /><testcase classname="tests.unit.obscura.agent.test_daemon_imessage.TestDaemonIMessageHandling" name="test_scheduler_crash_restarts_and_records_event" time="2.011" /><testcase classname="tests.unit.obscura.agent.test_daemon_imessage.TestDaemonIMessageHandling" name="test_trigger_timeout_is_recorded" time="2.030" /><testcase classname="tests.unit.obscura.agent.test_daemon_imessage.TestDaemonIMessageHandling" name="test_message_trigger_uses_configured_max_turns" time="0.013" /><testcase classname="tests.unit.obscura.agent.test_daemon_imessage.TestDaemonIMessageHandling" name="test_poll_messages_dedupes_duplicate_message_ids_atomically" time="0.509" /><testcase classname="tests.unit.obscura.agent.test_supervisor_message_triggers" name="test_from_yaml_parses_message_trigger" time="0.005" /><testcase classname="tests.unit.obscura.agent.test_supervisor_message_triggers" name="test_from_directory_parses_message_trigger" time="0.002" /><testcase classname="tests.unit.obscura.agents.test_agent.TestAPERLoop" name="test_phases_execute_in_order" time="0.002" /><testcase classname="tests.unit.obscura.agents.test_agent.TestAPERLoop" name="test_context_flows_through_phases" time="0.002" /><testcase classname="tests.unit.obscura.agents.test_agent.TestAPERLoop" name="test_input_data_passed_to_context" time="0.001" /><testcase classname="tests.unit.obscura.agents.test_agent.TestHooks" name="test_all_hooks_fire_in_order" time="0.001" /><testcase classname="tests.unit.obscura.agents.test_agent.TestHooks" name="test_async_hooks" time="0.001" /><testcase classname="tests.unit.obscura.agents.test_agent.TestHooks" name="test_multiple_hooks_per_point" time="0.002" /><testcase classname="tests.unit.obscura.agents.test_agent.TestHooks" name="test_hook_receives_correct_phase" time="0.002" /><testcase classname="tests.unit.obscura.agents.test_agent.TestHooks" name="test_post_analyze_sees_analysis" time="0.002" /><testcase classname="tests.unit.obscura.agents.test_agent.TestHooks" name="test_post_execute_sees_results" time="0.001" /><testcase classname="tests.unit.obscura.agents.test_agent.TestContextLoader" name="test_context_loader_populates_metadata" time="0.001" /><testcase classname="tests.unit.obscura.agents.test_agent.TestEdgeCases" name="test_not_implemented_raises" time="0.002" /><testcase classname="tests.unit.obscura.agents.test_agent.TestEdgeCases" name="test_agent_name" time="0.001" /><testcase classname="tests.unit.obscura.agents.test_agent_loop.TestAgentLoopBasic" name="test_single_turn_text_only" time="0.001" /><testcase classname="tests.unit.obscura.agents.test_agent_loop.TestAgentLoopBasic" name="test_text_content_collected" time="0.001" /><testcase classname="tests.unit.obscura.agents.test_agent_loop.TestAgentLoopBasic" name="test_run_to_completion" time="0.002" /><testcase classname="tests.unit.obscura.agents.test_agent_loop.TestAgentLoopBasic" name="test_thinking_events_emitted" time="0.001" /><testcase classname="tests.unit.obscura.agents.test_agent_loop.TestAgentLoopToolExecution" name="test_tool_call_and_result" time="0.001" /><testcase classname="tests.unit.obscura.agents.test_agent_loop.TestAgentLoopToolExecution" name="test_parallel_wrapper_expands_nested_tool_uses" time="0.002" /><testcase classname="tests.unit.obscura.agents.test_agent_loop.TestAgentLoopToolExecution" name="test_tool_call_uses_raw_arguments_when_no_delta" time="0.001" /><testcase classname="tests.unit.obscura.agents.test_agent_loop.TestAgentLoopToolExecution" name="test_multiple_tool_calls_in_one_turn" time="0.002" /><testcase classname="tests.unit.obscura.agents.test_agent_loop.TestAgentLoopToolExecution" name="test_async_tool_handler" time="0.013" /><testcase classname="tests.unit.obscura.agents.test_agent_loop.TestAgentLoopToolExecution" name="test_unknown_tool_returns_error" time="0.005" /><testcase classname="tests.unit.obscura.agents.test_agent_loop.TestAgentLoopToolExecution" name="test_tool_handler_exception" time="0.001" /><testcase classname="tests.unit.obscura.agents.test_agent_loop.TestAgentLoopMaxTurns" name="test_max_turns_respected" time="0.001" /><testcase classname="tests.unit.obscura.agents.test_agent_loop.TestAgentLoopMaxTurns" name="test_default_max_turns" time="0.001" /><testcase classname="tests.unit.obscura.agents.test_agent_loop.TestAgentLoopConfirmation" name="test_confirm_approve" time="0.001" /><testcase classname="tests.unit.obscura.agents.test_agent_loop.TestAgentLoopConfirmation" name="test_confirm_deny" time="0.001" /><testcase classname="tests.unit.obscura.agents.test_agent_loop.TestAgentLoopConfirmation" name="test_async_confirm_callback" time="0.013" /><testcase classname="tests.unit.obscura.agents.test_agent_loop.TestAgentLoopErrors" name="test_backend_stream_error" time="0.001" /><testcase classname="tests.unit.obscura.agents.test_agent_loop.TestAgentLoopTurnTracking" name="test_turn_numbers_increment" time="0.002" /><testcase classname="tests.unit.obscura.agents.test_agent_loop.TestAgentLoopTurnTracking" name="test_agent_done_has_accumulated_text" time="0.002" /><testcase classname="tests.unit.obscura.agents.test_agent_loop.TestToolCallParsing" name="test_parse_valid_json" time="0.001" /><testcase classname="tests.unit.obscura.agents.test_agent_loop.TestToolCallParsing" name="test_parse_invalid_json" time="0.001" /><testcase classname="tests.unit.obscura.agents.test_agent_loop.TestToolCallParsing" name="test_parse_empty_input" time="0.001" /><testcase classname="tests.unit.obscura.agents.test_agent_loop.TestToolCallParsing" name="test_parse_empty_delta_uses_raw_input" time="0.001" /><testcase classname="tests.unit.obscura.agents.test_agent_loop.TestToolCallParsing" name="test_parse_empty_delta_uses_raw_arguments_json" time="0.001" /><testcase classname="tests.unit.obscura.agents.test_agent_loop.TestToolCallParsing" name="test_parse_delta_overrides_raw_fields" time="0.001" /><testcase classname="tests.unit.obscura.agents.test_agent_loop.TestToolCallParsing" name="test_parse_functions_prefixed_tool_name" time="0.001" /><testcase classname="tests.unit.obscura.agents.test_agent_loop.TestToolCallParsing" name="test_format_tool_results" time="0.001" /><testcase classname="tests.unit.obscura.agents.test_agent_loop.TestToolCallParsing" name="test_format_error_tool_results" time="0.001" /><testcase classname="tests.unit.obscura.agents.test_agent_loop.TestToolErrorNormalization" name="test_missing_argument_maps_to_invalid_args" time="0.001" /><testcase classname="tests.unit.obscura.agents.test_agent_loop.TestToolErrorNormalization" name="test_timeout_maps_to_timeout_retryable" time="0.001" /><testcase classname="tests.unit.obscura.agents.test_agent_loop.TestToolErrorNormalization" name="test_permission_maps_to_unauthorized" time="0.001" /><testcase classname="tests.unit.obscura.agents.test_agents.TestAgentConfig" name="test_default_config" time="0.001" /><testcase classname="tests.unit.obscura.agents.test_agents.TestAgentConfig" name="test_custom_config" time="0.001" /><testcase classname="tests.unit.obscura.agents.test_agents.TestAgentConfig" name="test_mcp_config_default" time="0.001" /><testcase classname="tests.unit.obscura.agents.test_agents.TestMCPConfig" name="test_mcp_config_enabled" time="0.001" /><testcase classname="tests.unit.obscura.agents.test_agents.TestMCPConfig" name="test_mcp_config_discovery_fields" time="0.001" /><testcase classname="tests.unit.obscura.agents.test_agents.TestAgentRuntime" name="test_spawn_agent" time="0.003" /><testcase classname="tests.unit.obscura.agents.test_agents.TestAgentRuntime" name="test_get_agent" time="0.001" /><testcase classname="tests.unit.obscura.agents.test_agents.TestAgentRuntime" name="test_get_missing_agent" time="0.001" /><testcase classname="tests.unit.obscura.agents.test_agents.TestAgentRuntime" name="test_list_agents" time="0.001" /><testcase classname="tests.unit.obscura.agents.test_agents.TestAgentRuntime" name="test_list_agents_filtered_by_name" time="0.001" /><testcase classname="tests.unit.obscura.agents.test_agents.TestAgentRuntime" name="test_list_agents_filtered_by_status" time="0.001" /><testcase classname="tests.unit.obscura.agents.test_agents.TestAgentRuntime" name="test_get_agent_status_live" time="0.001" /><testcase classname="tests.unit.obscura.agents.test_agents.TestAgentRuntime" name="test_get_agent_status_missing_no_user" time="0.001" /><testcase classname="tests.unit.obscura.agents.test_agents.TestAgentRuntime" name="test_spawn_and_run" time="17.755" /><testcase classname="tests.unit.obscura.agents.test_agents.TestAgentRuntime" name="test_lifecycle_hook_emits_spawn_start_ready_stop" time="2.101" /><testcase classname="tests.unit.obscura.agents.test_agents.TestAgentRuntime" name="test_message_routing" time="0.106" /><testcase classname="tests.unit.obscura.agents.test_agents.TestAgentRuntime" name="test_broadcast_message" time="0.109" /><testcase classname="tests.unit.obscura.agents.test_agents.TestAgentRuntime" name="test_message_to_nonexistent_agent" time="0.112" /><testcase classname="tests.unit.obscura.agents.test_agents.TestAgentRuntime" name="test_message_bus_loop_exception" time="0.113" /><testcase classname="tests.unit.obscura.agents.test_agents.TestAgentRuntime" name="test_wait_for_agents_no_timeout" time="0.010" /><testcase classname="tests.unit.obscura.agents.test_agents.TestAgentRuntime" name="test_wait_for_agents_with_timeout" time="0.308" /><testcase classname="tests.unit.obscura.agents.test_agents.TestAgentRuntime" name="test_runtime_stop_clears_agents" time="0.005" /><testcase classname="tests.unit.obscura.agents.test_agents.TestBackendSpecificAgents" name="test_start_uses_expected_backend_model[claude-claude-test-agent]" time="1.850" /><testcase classname="tests.unit.obscura.agents.test_agents.TestBackendSpecificAgents" name="test_start_uses_expected_backend_model[openai-codex-test-agent]" time="1.826" /><testcase classname="tests.unit.obscura.agents.test_agents.TestBackendSpecificAgents" name="test_run_backend_specific_agent[claude-claude-test-agent-claude backend reply]" time="0.005" /><testcase classname="tests.unit.obscura.agents.test_agents.TestBackendSpecificAgents" name="test_run_backend_specific_agent[openai-codex-test-agent-codex backend reply]" time="0.006" /><testcase classname="tests.unit.obscura.agents.test_agents.TestAgentStart" name="test_start_initializes_client" time="1.732" /><testcase classname="tests.unit.obscura.agents.test_agents.TestAgentStart" name="test_start_with_mcp_enabled" time="1.998" /><testcase classname="tests.unit.obscura.agents.test_agents.TestAgentStart" name="test_start_with_mcp_auto_discovery" time="1.792" /><testcase classname="tests.unit.obscura.agents.test_agents.TestAgentStart" name="test_start_with_heartbeat" time="1.862" /><testcase classname="tests.unit.obscura.agents.test_agents.TestAgentStart" name="test_start_heartbeat_failure" time="1.787" /><testcase classname="tests.unit.obscura.agents.test_agents.TestAgentRun" name="test_run_success" time="0.005" /><testcase classname="tests.unit.obscura.agents.test_agents.TestAgentRun" name="test_run_with_context" time="0.005" /><testcase classname="tests.unit.obscura.agents.test_agents.TestAgentRun" name="test_run_timeout" time="0.015" /><testcase classname="tests.unit.obscura.agents.test_agents.TestAgentRun" name="test_run_general_exception" time="0.004" /><testcase classname="tests.unit.obscura.agents.test_agents.TestAgentRun" name="test_run_stores_task_and_result_in_memory" time="0.005" /><testcase classname="tests.unit.obscura.agents.test_agents.TestAgentStream" name="test_stream_success" time="0.004" /><testcase classname="tests.unit.obscura.agents.test_agents.TestAgentStream" name="test_stream_with_str_chunks" time="0.004" /><testcase classname="tests.unit.obscura.agents.test_agents.TestAgentStream" name="test_stream_error" time="0.005" /><testcase classname="tests.unit.obscura.agents.test_agents.TestAgentStream" name="test_stream_stores_task" time="0.004" /><testcase classname="tests.unit.obscura.agents.test_agents.TestAgentRunLoop" name="test_run_loop_success" time="0.004" /><testcase classname="tests.unit.obscura.agents.test_agents.TestAgentRunLoop" name="test_run_loop_custom_max_turns" time="0.004" /><testcase classname="tests.unit.obscura.agents.test_agents.TestAgentRunLoop" name="test_run_loop_timeout" time="0.015" /><testcase classname="tests.unit.obscura.agents.test_agents.TestAgentRunLoop" name="test_run_loop_general_error" time="0.004" /><testcase classname="tests.unit.obscura.agents.test_agents.TestAgentRunLoop" name="test_run_loop_stores_memory" time="0.004" /><testcase classname="tests.unit.obscura.agents.test_agents.TestAgentStreamLoop" name="test_stream_loop_success" time="0.004" /><testcase classname="tests.unit.obscura.agents.test_agents.TestAgentStreamLoop" name="test_stream_loop_custom_max_turns" time="0.004" /><testcase classname="tests.unit.obscura.agents.test_agents.TestAgentStreamLoop" name="test_stream_loop_error" time="0.004" /><testcase classname="tests.unit.obscura.agents.test_agents.TestAgentStreamLoop" name="test_stream_loop_stores_memory" time="0.004" /><testcase classname="tests.unit.obscura.agents.test_agents.TestAgentStatePersistence" name="test_state_saved_to_memory" time="0.003" /><testcase classname="tests.unit.obscura.agents.test_agents.TestAgentStatePersistence" name="test_get_agent_status_from_memory" time="0.003" /><testcase classname="tests.unit.obscura.agents.test_agents.TestAgentStatePersistence" name="test_get_state" time="0.002" /><testcase classname="tests.unit.obscura.agents.test_agents.TestAgentStatePersistence" name="test_get_state_with_error" time="0.001" /><testcase classname="tests.unit.obscura.agents.test_agents.TestAgentPromptBuilding" name="test_build_prompt_with_memory" time="0.003" /><testcase classname="tests.unit.obscura.agents.test_agents.TestAgentPromptBuilding" name="test_build_prompt_no_memory" time="0.002" /><testcase classname="tests.unit.obscura.agents.test_agents.TestAgentPromptBuilding" name="test_build_prompt_memory_only" time="0.001" /><testcase classname="tests.unit.obscura.agents.test_agents.TestAgentMemoryIntegration" name="test_agent_stores_task_in_memory" time="0.003" /><testcase classname="tests.unit.obscura.agents.test_agents.TestAgentMemoryIntegration" name="test_load_relevant_memory" time="0.004" /><testcase classname="tests.unit.obscura.agents.test_agents.TestAgentMemoryIntegration" name="test_load_relevant_memory_with_search_fallback" time="0.003" /><testcase classname="tests.unit.obscura.agents.test_agents.TestAgentErrorHandling" name="test_agent_handles_run_error" time="0.004" /><testcase classname="tests.unit.obscura.agents.test_agents.TestAgentStreaming" name="test_stream_chunks" time="0.004" /><testcase classname="tests.unit.obscura.agents.test_agents.TestAgentStop" name="test_stop_basic" time="0.003" /><testcase classname="tests.unit.obscura.agents.test_agents.TestAgentStop" name="test_stop_with_cancel_scope_error" time="0.003" /><testcase classname="tests.unit.obscura.agents.test_agents.TestAgentStop" name="test_stop_with_other_runtime_error" time="0.002" /><testcase classname="tests.unit.obscura.agents.test_agents.TestAgentStop" name="test_stop_with_mcp_backend" time="0.004" /><testcase classname="tests.unit.obscura.agents.test_agents.TestAgentStop" name="test_stop_with_heartbeat_client" time="0.004" /><testcase classname="tests.unit.obscura.agents.test_agents.TestAgentStop" name="test_stop_cancels_running_task" time="0.005" /><testcase classname="tests.unit.obscura.agents.test_agents.TestAgentStop" name="test_stop_graceful_success" time="0.003" /><testcase classname="tests.unit.obscura.agents.test_agents.TestAgentStop" name="test_stop_graceful_timeout" time="0.055" /><testcase classname="tests.unit.obscura.agents.test_agents.TestAgentMessages" name="test_receive_messages_yields_and_stops" time="1.005" /><testcase classname="tests.unit.obscura.agents.test_agents.TestAgentMessages" name="test_receive_messages_stops_on_failed" time="1.007" /><testcase classname="tests.unit.obscura.agents.test_agents.TestAgentMessages" name="test_receive_messages_stops_on_stopped" time="1.008" /><testcase classname="tests.unit.obscura.agents.test_agents.TestAgentMessages" name="testenqueue_message_success" time="0.006" /><testcase classname="tests.unit.obscura.agents.test_agents.TestAgentMessages" name="testenqueue_message_full_queue" time="0.004" /><testcase classname="tests.unit.obscura.agents.test_agents.TestAgentMessage" name="test_message_defaults" time="0.003" /><testcase classname="tests.unit.obscura.agents.test_agents.TestAgentMessage" name="test_message_custom_type" time="0.002" /><testcase classname="tests.unit.obscura.agents.test_agents.TestAgentState" name="test_agent_state_model" time="0.002" /><testcase classname="tests.unit.obscura.agents.test_agents.TestAgentState" name="test_agent_state_with_error" time="0.002" /><testcase classname="tests.unit.obscura.agents.test_agents.TestAgentMemoryProperty" name="test_memory_property" time="0.004" /><testcase classname="tests.unit.obscura.agents.test_aper_loop_agent.TestRunOnce" name="test_run_once_executes_all_phases" time="0.003" /><testcase classname="tests.unit.obscura.agents.test_aper_loop_agent.TestRunOnce" name="test_run_once_returns_response" time="0.002" /><testcase classname="tests.unit.obscura.agents.test_aper_loop_agent.TestRunOnce" name="test_run_once_passes_input_data" time="0.003" /><testcase classname="tests.unit.obscura.agents.test_aper_loop_agent.TestHooks" name="test_all_hooks_fire_in_order" time="0.002" /><testcase classname="tests.unit.obscura.agents.test_aper_loop_agent.TestHooks" name="test_async_hooks" time="0.002" /><testcase classname="tests.unit.obscura.agents.test_aper_loop_agent.TestHooks" name="test_hook_sees_correct_phase" time="0.002" /><testcase classname="tests.unit.obscura.agents.test_aper_loop_agent.TestRunForever" name="test_run_forever_processes_input" time="0.156" /><testcase classname="tests.unit.obscura.agents.test_aper_loop_agent.TestRunForever" name="test_stop_terminates_loop" time="0.058" /><testcase classname="tests.unit.obscura.agents.test_aper_loop_agent.TestRunForever" name="test_properties" time="0.006" /><testcase classname="tests.unit.obscura.agents.test_aper_loop_agent.TestContextLoader" name="test_context_loader_populates_metadata" time="0.005" /><testcase classname="tests.unit.obscura.agents.test_aper_loop_agent.TestDefaultAPER" name="test_default_analyze_calls_llm" time="0.005" /><testcase classname="tests.unit.obscura.agents.test_aper_loop_agent.TestInteractionBus" name="test_request_attention_without_bus" time="0.003" /><testcase classname="tests.unit.obscura.agents.test_aper_loop_agent.TestInteractionBus" name="test_interaction_bus_property" time="0.003" /><testcase classname="tests.unit.obscura.agents.test_hallucination_suppression.TestHallucinationSuppression" name="test_write_text_file_permission_denied_hallucination" time="0.003" /><testcase classname="tests.unit.obscura.agents.test_hallucination_suppression.TestHallucinationSuppression" name="test_write_text_file_success_hallucination" time="0.003" /><testcase classname="tests.unit.obscura.agents.test_hallucination_suppression.TestHallucinationSuppression" name="test_read_text_file_hallucination" time="0.002" /><testcase classname="tests.unit.obscura.agents.test_hallucination_suppression.TestHallucinationSuppression" name="test_run_shell_output_hallucination" time="0.002" /><testcase classname="tests.unit.obscura.agents.test_hallucination_suppression.TestHallucinationSuppression" name="test_run_shell_error_hallucination" time="0.003" /><testcase classname="tests.unit.obscura.agents.test_hallucination_suppression.TestHallucinationSuppression" name="test_run_python_output_hallucination" time="0.002" /><testcase classname="tests.unit.obscura.agents.test_hallucination_suppression.TestHallucinationSuppression" name="test_web_search_results_hallucination" time="0.002" /><testcase classname="tests.unit.obscura.agents.test_hallucination_suppression.TestHallucinationSuppression" name="test_web_fetch_content_hallucination" time="0.002" /><testcase classname="tests.unit.obscura.agents.test_hallucination_suppression.TestHallucinationSuppression" name="test_list_directory_hallucination" time="0.002" /><testcase classname="tests.unit.obscura.agents.test_hallucination_suppression.TestHallucinationSuppression" name="test_append_text_file_hallucination" time="0.002" /><testcase classname="tests.unit.obscura.agents.test_hallucination_suppression.TestHallucinationSuppression" name="test_make_directory_hallucination" time="0.002" /><testcase classname="tests.unit.obscura.agents.test_hallucination_suppression.TestHallucinationSuppression" name="test_remove_path_hallucination" time="0.002" /><testcase classname="tests.unit.obscura.agents.test_hallucination_suppression.TestHallucinationSuppression" name="test_task_delegation_hallucination" time="0.002" /><testcase classname="tests.unit.obscura.agents.test_hallucination_suppression.TestHallucinationSuppression" name="test_mcp_prefixed_tool_hallucination" time="0.002" /><testcase classname="tests.unit.obscura.agents.test_hallucination_suppression.TestHallucinationSuppression" name="test_get_environm
[...]
    targets = sync_instance.discover_sync_targets(vault_repo, mock_repo)
              ^^^^^^^^^^^^^^^^^^^^^^^^^^^^^^^^^^^
E   AttributeError: 'VaultSync' object has no attribute 'discover_sync_targets'</failure></testcase><testcase classname="tests.unit.obscura.test_legacy_module.test_discovery.TestRecursiveDiscovery" name="test_discover_targets_finds_platform" time="0.013"><failure message="AttributeError: 'VaultSync' object has no attribute 'discover_sync_targets'">tests/unit/obscura/test_legacy_module/test_discovery.py:28: in test_discover_targets_finds_platform
    targets = sync_instance.discover_sync_targets(vault_repo, mock_repo)
              ^^^^^^^^^^^^^^^^^^^^^^^^^^^^^^^^^^^
E   AttributeError: 'VaultSync' object has no attribute 'discover_sync_targets'</failure></testcase><testcase classname="tests.unit.obscura.test_legacy_module.test_discovery.TestRecursiveDiscovery" name="test_discover_targets_finds_partview_core" time="0.014"><failure message="AttributeError: 'VaultSync' object has no attribute 'discover_sync_targets'">tests/unit/obscura/test_legacy_module/test_discovery.py:41: in test_discover_targets_finds_partview_core
    targets = sync_instance.discover_sync_targets(vault_repo, mock_repo)
              ^^^^^^^^^^^^^^^^^^^^^^^^^^^^^^^^^^^
E   AttributeError: 'VaultSync' object has no attribute 'discover_sync_targets'</failure></testcase><testcase classname="tests.unit.obscura.test_legacy_module.test_discovery.TestRecursiveDiscovery" name="test_discover_targets_count" time="0.014"><failure message="AttributeError: 'VaultSync' object has no attribute 'discover_sync_targets'">tests/unit/obscura/test_legacy_module/test_discovery.py:53: in test_discover_targets_count
    targets = sync_instance.discover_sync_targets(vault_repo, mock_repo)
              ^^^^^^^^^^^^^^^^^^^^^^^^^^^^^^^^^^^
E   AttributeError: 'VaultSync' object has no attribute 'discover_sync_targets'</failure></testcase><testcase classname="tests.unit.obscura.test_legacy_module.test_discovery.TestRecursiveDiscovery" name="test_root_target_has_files" time="0.014"><failure message="AttributeError: 'VaultSync' object has no attribute 'discover_sync_targets'">tests/unit/obscura/test_legacy_module/test_discovery.py:64: in test_root_target_has_files
    targets = sync_instance.discover_sync_targets(vault_repo, mock_repo)
              ^^^^^^^^^^^^^^^^^^^^^^^^^^^^^^^^^^^
E   AttributeError: 'VaultSync' object has no attribute 'discover_sync_targets'</failure></testcase><testcase classname="tests.unit.obscura.test_legacy_module.test_discovery.TestRecursiveDiscovery" name="test_platform_target_has_skills" time="0.014"><failure message="AttributeError: 'VaultSync' object has no attribute 'discover_sync_targets'">tests/unit/obscura/test_legacy_module/test_discovery.py:83: in test_platform_target_has_skills
    targets = sync_instance.discover_sync_targets(vault_repo, mock_repo)
              ^^^^^^^^^^^^^^^^^^^^^^^^^^^^^^^^^^^
E   AttributeError: 'VaultSync' object has no attribute 'discover_sync_targets'</failure></testcase><testcase classname="tests.unit.obscura.test_legacy_module.test_discovery.TestRecursiveDiscovery" name="test_partview_target_has_own_skills" time="0.014"><failure message="AttributeError: 'VaultSync' object has no attribute 'discover_sync_targets'">tests/unit/obscura/test_legacy_module/test_discovery.py:101: in test_partview_target_has_own_skills
    targets = sync_instance.discover_sync_targets(vault_repo, mock_repo)
              ^^^^^^^^^^^^^^^^^^^^^^^^^^^^^^^^^^^
E   AttributeError: 'VaultSync' object has no attribute 'discover_sync_targets'</failure></testcase><testcase classname="tests.unit.obscura.test_legacy_module.test_manifest.TestManifestBuilding" name="test_build_target_manifest_copilot" time="0.014"><failure message="AttributeError: 'VaultSync' object has no attribute 'discover_sync_targets'">tests/unit/obscura/test_legacy_module/test_manifest.py:18: in test_build_target_manifest_copilot
    targets = sync_instance.discover_sync_targets(vault_repo, mock_repo)
              ^^^^^^^^^^^^^^^^^^^^^^^^^^^^^^^^^^^
E   AttributeError: 'VaultSync' object has no attribute 'discover_sync_targets'</failure></testcase><testcase classname="tests.unit.obscura.test_legacy_module.test_manifest.TestManifestBuilding" name="test_build_target_manifest_claude" time="0.014"><failure message="AttributeError: 'VaultSync' object has no attribute 'discover_sync_targets'">tests/unit/obscura/test_legacy_module/test_manifest.py:44: in test_build_target_manifest_claude
    targets = sync_instance.discover_sync_targets(vault_repo, mock_repo)
              ^^^^^^^^^^^^^^^^^^^^^^^^^^^^^^^^^^^
E   AttributeError: 'VaultSync' object has no attribute 'discover_sync_targets'</failure></testcase><testcase classname="tests.unit.obscura.test_legacy_module.test_manifest.TestManifestBuilding" name="test_build_target_manifest_no_vault_content" time="0.014"><failure message="AttributeError: 'VaultSync' object has no attribute 'discover_sync_targets'">tests/unit/obscura/test_legacy_module/test_manifest.py:61: in test_build_target_manifest_no_vault_content
    targets = sync_instance.discover_sync_targets(vault_repo, mock_repo)
              ^^^^^^^^^^^^^^^^^^^^^^^^^^^^^^^^^^^
E   AttributeError: 'VaultSync' object has no attribute 'discover_sync_targets'</failure></testcase><testcase classname="tests.unit.obscura.test_legacy_module.test_manifest.TestManifestBuilding" name="test_child_target_inherits_root_files" time="0.014"><failure message="AttributeError: 'VaultSync' object has no attribute 'discover_sync_targets'">tests/unit/obscura/test_legacy_module/test_manifest.py:80: in test_child_target_inherits_root_files
    targets = sync_instance.discover_sync_targets(vault_repo, mock_repo)
              ^^^^^^^^^^^^^^^^^^^^^^^^^^^^^^^^^^^
E   AttributeError: 'VaultSync' object has no attribute 'discover_sync_targets'</failure></testcase><testcase classname="tests.unit.obscura.test_legacy_module.test_manifest.TestManifestBuilding" name="test_child_no_content_cascade" time="0.014"><failure message="AttributeError: 'VaultSync' object has no attribute 'discover_sync_targets'">tests/unit/obscura/test_legacy_module/test_manifest.py:99: in test_child_no_content_cascade
    targets = sync_instance.discover_sync_targets(vault_repo, mock_repo)
              ^^^^^^^^^^^^^^^^^^^^^^^^^^^^^^^^^^^
E   AttributeError: 'VaultSync' object has no attribute 'discover_sync_targets'</failure></testcase><testcase classname="tests.unit.obscura.test_legacy_module.test_manifest.TestManifestBuilding" name="test_vault_manifest_copilot" time="0.014"><failure message="AttributeError: 'VaultSync' object has no attribute 'build_vault_manifest'">tests/unit/obscura/test_legacy_module/test_manifest.py:118: in test_vault_manifest_copilot
    manifest = sync_instance.build_vault_manifest("copilot")
               ^^^^^^^^^^^^^^^^^^^^^^^^^^^^^^^^^^
E   AttributeError: 'VaultSync' object has no attribute 'build_vault_manifest'</failure></testcase><testcase classname="tests.unit.obscura.test_legacy_module.test_manifest.TestManifestBuilding" name="test_vault_manifest_claude" time="0.013"><failure message="AttributeError: 'VaultSync' object has no attribute 'build_vault_manifest'">tests/unit/obscura/test_legacy_module/test_manifest.py:131: in test_vault_manifest_claude
    manifest = sync_instance.build_vault_manifest("claude")
               ^^^^^^^^^^^^^^^^^^^^^^^^^^^^^^^^^^
E   AttributeError: 'VaultSync' object has no attribute 'build_vault_manifest'</failure></testcase><testcase classname="tests.unit.obscura.test_legacy_module.test_sync_integration.TestDomain1InRepoSync" name="test_sync_creates_real_dirs" time="0.014"><failure message="AttributeError: 'VaultSync' object has no attribute 'sync_all'">tests/unit/obscura/test_legacy_module/test_sync_integration.py:17: in test_sync_creates_real_dirs
    sync_instance.sync_all()
    ^^^^^^^^^^^^^^^^^^^^^^
E   AttributeError: 'VaultSync' object has no attribute 'sync_all'</failure></testcase><testcase classname="tests.unit.obscura.test_legacy_module.test_sync_integration.TestDomain1InRepoSync" name="test_sync_agent_filtering" time="0.014"><failure message="AttributeError: 'VaultSync' object has no attribute 'sync_all'">tests/unit/obscura/test_legacy_module/test_sync_integration.py:42: in test_sync_agent_filtering
    sync_instance.sync_all()
    ^^^^^^^^^^^^^^^^^^^^^^
E   AttributeError: 'VaultSync' object has no attribute 'sync_all'</failure></testcase><testcase classname="tests.unit.obscura.test_legacy_module.test_sync_integration.TestDomain1InRepoSync" name="test_sync_universal_files" time="0.027"><failure message="AttributeError: 'VaultSync' object has no attribute 'sync_all'">tests/unit/obscura/test_legacy_module/test_sync_integration.py:55: in test_sync_universal_files
    sync_instance.sync_all()
    ^^^^^^^^^^^^^^^^^^^^^^
E   AttributeError: 'VaultSync' object has no attribute 'sync_all'</failure></testcase><testcase classname="tests.unit.obscura.test_legacy_module.test_sync_integration.TestDomain1InRepoSync" name="test_sync_symlinks_point_to_vault" time="0.014"><failure message="AttributeError: 'VaultSync' object has no attribute 'sync_all'">tests/unit/obscura/test_legacy_module/test_sync_integration.py:72: in test_sync_symlinks_point_to_vault
    sync_instance.sync_all()
    ^^^^^^^^^^^^^^^^^^^^^^
E   AttributeError: 'VaultSync' object has no attribute 'sync_all'</failure></testcase><testcase classname="tests.unit.obscura.test_legacy_module.test_sync_integration.TestDomain1InRepoSync" name="test_repo_no_vault_content" time="0.014"><failure message="AttributeError: 'VaultSync' object has no attribute 'sync_all'">tests/unit/obscura/test_legacy_module/test_sync_integration.py:85: in test_repo_no_vault_content
    sync_instance.sync_all()
    ^^^^^^^^^^^^^^^^^^^^^^
E   AttributeError: 'VaultSync' object has no attribute 'sync_all'</failure></testcase><testcase classname="tests.unit.obscura.test_legacy_module.test_sync_integration.TestDomain1InRepoSync" name="test_repo_has_repo_skills" time="0.014"><failure message="AttributeError: 'VaultSync' object has no attribute 'sync_all'">tests/unit/obscura/test_legacy_module/test_sync_integration.py:102: in test_repo_has_repo_skills
    sync_instance.sync_all()
    ^^^^^^^^^^^^^^^^^^^^^^
E   AttributeError: 'VaultSync' object has no attribute 'sync_all'</failure></testcase><testcase classname="tests.unit.obscura.test_legacy_module.test_sync_integration.TestDomain1InRepoSync" name="test_root_excludes_platform_content" time="0.014"><failure message="AttributeError: 'VaultSync' object has no attribute 'sync_all'">tests/unit/obscura/test_legacy_module/test_sync_integration.py:116: in test_root_excludes_platform_content
    sync_instance.sync_all()
    ^^^^^^^^^^^^^^^^^^^^^^
E   AttributeError: 'VaultSync' object has no attribute 'sync_all'</failure></testcase><testcase classname="tests.unit.obscura.test_legacy_module.test_sync_integration.TestDomain1InRepoSync" name="test_platform_has_scoped_skills" time="0.015"><failure message="AttributeError: 'VaultSync' object has no attribute 'sync_all'">tests/unit/obscura/test_legacy_module/test_sync_integration.py:127: in test_platform_has_scoped_skills
    sync_instance.sync_all()
    ^^^^^^^^^^^^^^^^^^^^^^
E   AttributeError: 'VaultSync' object has no attribute 'sync_all'</failure></testcase><testcase classname="tests.unit.obscura.test_legacy_module.test_sync_integration.TestDomain1InRepoSync" name="test_platform_excludes_partview_content" time="0.014"><failure message="AttributeError: 'VaultSync' object has no attribute 'sync_all'">tests/unit/obscura/test_legacy_module/test_sync_integration.py:155: in test_platform_excludes_partview_content
    sync_instance.sync_all()
    ^^^^^^^^^^^^^^^^^^^^^^
E   AttributeError: 'VaultSync' object has no attribute 'sync_all'</failure></testcase><testcase classname="tests.unit.obscura.test_legacy_module.test_sync_integration.TestDomain1InRepoSync" name="test_partview_has_own_skills" time="0.014"><failure message="AttributeError: 'VaultSync' object has no attribute 'sync_all'">tests/unit/obscura/test_legacy_module/test_sync_integration.py:166: in test_partview_has_own_skills
    sync_instance.sync_all()
    ^^^^^^^^^^^^^^^^^^^^^^
E   AttributeError: 'VaultSync' object has no attribute 'sync_all'</failure></testcase><testcase classname="tests.unit.obscura.test_legacy_module.test_sync_integration.TestDomain1InRepoSync" name="test_partview_no_platform_skills" time="0.014"><failure message="AttributeError: 'VaultSync' object has no attribute 'sync_all'">tests/unit/obscura/test_legacy_module/test_sync_integration.py:191: in test_partview_no_platform_skills
    sync_instance.sync_all()
    ^^^^^^^^^^^^^^^^^^^^^^
E   AttributeError: 'VaultSync' object has no attribute 'sync_all'</failure></testcase><testcase classname="tests.unit.obscura.test_legacy_module.test_sync_integration.TestDomain1InRepoSync" name="test_sync_idempotent" time="0.015"><failure message="AttributeError: 'VaultSync' object has no attribute 'discover_sync_targets'">tests/unit/obscura/test_legacy_module/test_sync_integration.py:218: in test_sync_idempotent
    targets = sync_instance.discover_sync_targets(vault_repo, mock_repo)
              ^^^^^^^^^^^^^^^^^^^^^^^^^^^^^^^^^^^
E   AttributeError: 'VaultSync' object has no attribute 'discover_sync_targets'</failure></testcase><testcase classname="tests.unit.obscura.test_legacy_module.test_variants.TestSyncProfileParsing" name="test_parse_full_profile" time="0.012" /><testcase classname="tests.unit.obscura.test_legacy_module.test_variants.TestSyncProfileParsing" name="test_parse_model_only" time="0.011" /><testcase classname="tests.unit.obscura.test_legacy_module.test_variants.TestSyncProfileParsing" name="test_parse_role_only" time="0.011" /><testcase classname="tests.unit.obscura.test_legacy_module.test_variants.TestSyncProfileParsing" name="test_parse_missing_file" time="0.011" /><testcase classname="tests.unit.obscura.test_legacy_module.test_variants.TestSyncProfileParsing" name="test_parse_empty_file" time="0.012" /><testcase classname="tests.unit.obscura.test_legacy_module.test_variants.TestSyncProfileParsing" name="test_parse_comments_ignored" time="0.011" /><testcase classname="tests.unit.obscura.test_legacy_module.test_variants.TestModelVariantSwaps" name="test_no_profile_strips_model_variants" time="0.008" /><testcase classname="tests.unit.obscura.test_legacy_module.test_variants.TestModelVariantSwaps" name="test_model_opus_swaps_base" time="0.008" /><testcase classname="tests.unit.obscura.test_legacy_module.test_variants.TestModelVariantSwaps" name="test_model_sonnet_swaps_base" time="0.008" /><testcase classname="tests.unit.obscura.test_legacy_module.test_variants.TestModelVariantSwaps" name="test_model_variant_no_base_file" time="0.008"><failure message="AssertionError: assert PosixPath('skills/deep-analysis.md') in {PosixPath('deep-analysis.md'): PosixPath('/vault/skills/deep-analysis.opus.md')}&#10; +  where PosixPath('skills/deep-analysis.md') = Path('skills/deep-analysis.md')">tests/unit/obscura/test_legacy_module/test_variants.py:129: in test_model_variant_no_base_file
    assert Path("skills/deep-analysis.md") in result
E   AssertionError: assert PosixPath('skills/deep-analysis.md') in {PosixPath('deep-analysis.md'): PosixPath('/vault/skills/deep-analysis.opus.md')}
E    +  where PosixPath('skills/deep-analysis.md') = Path('skills/deep-analysis.md')</failure></testcase><testcase classname="tests.unit.obscura.test_legacy_module.test_variants.TestModelVariantSwaps" name="test_model_variant_no_base_wrong_model" time="0.008" /><testcase classname="tests.unit.obscura.test_legacy_module.test_variants.TestModelVariantSwaps" name="test_non_variant_files_pass_through" time="0.008" /><testcase classname="tests.unit.obscura.test_legacy_module.test_variants.TestRoleFiltering" name="test_no_role_strips_all_role_files" time="0.007" /><testcase classname="tests.unit.obscura.test_legacy_module.test_variants.TestRoleFiltering" name="test_role_reviewer_includes_matching" time="0.008" /><testcase classname="tests.unit.obscura.test_legacy_module.test_variants.TestRoleFiltering" name="test_role_dir_match" time="0.008" /><testcase classname="tests.unit.obscura.test_legacy_module.test_variants.TestRoleFiltering" name="test_role_case_insensitive" time="0.008" /><testcase classname="tests.unit.obscura.test_legacy_module.test_variants.TestCombinedModelRole" name="test_model_and_role_together" time="0.008" /><testcase classname="tests.unit.obscura.test_legacy_module.test_variants.TestCombinedModelRole" name="test_empty_manifest" time="0.008" /><testcase classname="tests.unit.obscura.test_legacy_module.test_variants.TestVaultSyncProfileLoading" name="test_no_profile_file_defaults" time="0.013"><failure message="AttributeError: 'VaultSync' object has no attribute 'global_profile'">tests/unit/obscura/test_legacy_module/test_variants.py:263: in test_no_profile_file_defaults
    assert vs.global_profile.model is None
           ^^^^^^^^^^^^^^^^^
E   AttributeError: 'VaultSync' object has no attribute 'global_profile'</failure></testcase><testcase classname="tests.unit.obscura.test_legacy_module.test_variants.TestVaultSyncProfileLoading" name="test_global_profile_loaded" time="0.013"><failure message="AttributeError: 'VaultSync' object has no attribute 'global_profile'">tests/unit/obscura/test_legacy_module/test_variants.py:270: in test_global_profile_loaded
    assert vs.global_profile.model == "opus"
           ^^^^^^^^^^^^^^^^^
E   AttributeError: 'VaultSync' object has no attribute 'global_profile'</failure></testcase><testcase classname="tests.unit.obscura.test_legacy_module.test_variants.TestVaultSyncProfileLoading" name="test_per_repo_profile_overrides" time="0.013"><failure message="AttributeError: 'VaultSync' object has no attribute 'get_selector'">tests/unit/obscura/test_legacy_module/test_variants.py:283: in test_per_repo_profile_overrides
    repo_sel = vs.get_selector("TestRepo")
               ^^^^^^^^^^^^^^^
E   AttributeError: 'VaultSync' object has no attribute 'get_selector'</failure></testcase><testcase classname="tests.unit.obscura.test_legacy_module.test_variants.TestVaultSyncProfileLoading" name="test_per_repo_no_override_uses_global" time="0.021"><failure message="AttributeError: 'VaultSync' object has no attribute 'get_selector'">tests/unit/obscura/test_legacy_module/test_variants.py:292: in test_per_repo_no_override_uses_global
    sel = vs.get_selector("NonExistentRepo")
          ^^^^^^^^^^^^^^^
E   AttributeError: 'VaultSync' object has no attribute 'get_selector'</failure></testcase><testcase classname="tests.unit.obscura.test_legacy_module.test_variants.TestVariantIntegration" name="test_system_sync_with_model_opus" time="0.013"><failure message="AttributeError: 'VaultSync' object has no attribute 'sync_system'">tests/unit/obscura/test_legacy_module/test_variants.py:327: in test_system_sync_with_model_opus
    vs.sync_system(agent="copilot")
    ^^^^^^^^^^^^^^
E   AttributeError: 'VaultSync' object has no attribute 'sync_system'</failure></testcase><testcase classname="tests.unit.obscura.test_legacy_module.test_variants.TestVariantIntegration" name="test_system_sync_no_profile_keeps_base" time="0.025"><failure message="AttributeError: 'VaultSync' object has no attribute 'sync_system'">tests/unit/obscura/test_legacy_module/test_variants.py:362: in test_system_sync_no_profile_keeps_base
    vs.sync_system(agent="copilot")
    ^^^^^^^^^^^^^^
E   AttributeError: 'VaultSync' object has no attribute 'sync_system'</failure></testcase></testsuite></testsuites>